{"meta": {"format": 3, "version": "7.12.0", "timestamp": "2025-11-20T09:24:06.142290", "branch_coverage": false, "show_contexts": false}, "files": {"src/webmaster_domain_tool/__init__.py": {"executed_lines": [1, 5, 6, 7], "summary": {"covered_lines": 3, "num_statements": 3, "percent_covered": 100.0, "percent_covered_display": "100", "missing_lines": 0, "excluded_lines": 0, "percent_statements_covered": 100.0, "percent_statements_covered_display": "100"}, "missing_lines": [], "excluded_lines": [], "functions": {"": {"executed_lines": [1, 5, 6, 7], "summary": {"covered_lines": 3, "num_statements": 3, "percent_covered": 100.0, "percent_covered_display": "100", "missing_lines": 0, "excluded_lines": 0, "percent_statements_covered": 100.0, "percent_statements_covered_display": "100"}, "missing_lines": [], "excluded_lines": []}}, "classes": {"": {"executed_lines": [1, 5, 6, 7], "summary": {"covered_lines": 3, "num_statements": 3, "percent_covered": 100.0, "percent_covered_display": "100", "missing_lines": 0, "excluded_lines": 0, "percent_statements_covered": 100.0, "percent_statements_covered_display": "100"}, "missing_lines": [], "excluded_lines": []}}}, "src/webmaster_domain_tool/analyzers/__init__.py": {"executed_lines": [1, 7], "summary": {"covered_lines": 1, "num_statements": 1, "percent_covered": 100.0, "percent_covered_display": "100", "missing_lines": 0, "excluded_lines": 0, "percent_statements_covered": 100.0, "percent_statements_covered_display": "100"}, "missing_lines": [], "excluded_lines": [], "functions": {"": {"executed_lines": [1, 7], "summary": {"covered_lines": 1, "num_statements": 1, "percent_covered": 100.0, "percent_covered_display": "100", "missing_lines": 0, "excluded_lines": 0, "percent_statements_covered": 100.0, "percent_statements_covered_display": "100"}, "missing_lines": [], "excluded_lines": []}}, "classes": {"": {"executed_lines": [1, 7], "summary": {"covered_lines": 1, "num_statements": 1, "percent_covered": 100.0, "percent_covered_display": "100", "missing_lines": 0, "excluded_lines": 0, "percent_statements_covered": 100.0, "percent_statements_covered_display": "100"}, "missing_lines": [], "excluded_lines": []}}}, "src/webmaster_domain_tool/analyzers/base.py": {"executed_lines": [1, 3, 4, 5, 8, 9, 10, 17, 18, 19, 23, 26, 27, 39, 40], "summary": {"covered_lines": 12, "num_statements": 13, "percent_covered": 92.3076923076923, "percent_covered_display": "92", "missing_lines": 1, "excluded_lines": 0, "percent_statements_covered": 92.3076923076923, "percent_statements_covered_display": "92"}, "missing_lines": [60], "excluded_lines": [], "functions": {"BaseAnalyzer.analyze": {"executed_lines": [], "summary": {"covered_lines": 0, "num_statements": 1, "percent_covered": 0.0, "percent_covered_display": "0", "missing_lines": 1, "excluded_lines": 0, "percent_statements_covered": 0.0, "percent_statements_covered_display": "0"}, "missing_lines": [60], "excluded_lines": []}, "": {"executed_lines": [1, 3, 4, 5, 8, 9, 10, 17, 18, 19, 23, 26, 27, 39, 40], "summary": {"covered_lines": 12, "num_statements": 12, "percent_covered": 100.0, "percent_covered_display": "100", "missing_lines": 0, "excluded_lines": 0, "percent_statements_covered": 100.0, "percent_statements_covered_display": "100"}, "missing_lines": [], "excluded_lines": []}}, "classes": {"BaseAnalysisResult": {"executed_lines": [], "summary": {"covered_lines": 0, "num_statements": 0, "percent_covered": 100.0, "percent_covered_display": "100", "missing_lines": 0, "excluded_lines": 0, "percent_statements_covered": 100.0, "percent_statements_covered_display": "100"}, "missing_lines": [], "excluded_lines": []}, "BaseAnalyzer": {"executed_lines": [], "summary": {"covered_lines": 0, "num_statements": 1, "percent_covered": 0.0, "percent_covered_display": "0", "missing_lines": 1, "excluded_lines": 0, "percent_statements_covered": 0.0, "percent_statements_covered_display": "0"}, "missing_lines": [60], "excluded_lines": []}, "": {"executed_lines": [1, 3, 4, 5, 8, 9, 10, 17, 18, 19, 23, 26, 27, 39, 40], "summary": {"covered_lines": 12, "num_statements": 12, "percent_covered": 100.0, "percent_covered_display": "100", "missing_lines": 0, "excluded_lines": 0, "percent_statements_covered": 100.0, "percent_statements_covered_display": "100"}, "missing_lines": [], "excluded_lines": []}}}, "src/webmaster_domain_tool/analyzers/cdn_detector.py": {"executed_lines": [1, 7, 8, 10, 12, 13, 15, 23, 24, 26, 27, 35, 36, 37, 39, 40, 41, 42, 43, 44, 45, 46, 54, 55, 56, 73, 74, 75, 76, 77, 78, 79, 86, 134, 153, 177, 246, 275, 339, 436], "summary": {"covered_lines": 36, "num_statements": 146, "percent_covered": 24.65753424657534, "percent_covered_display": "25", "missing_lines": 110, "excluded_lines": 0, "percent_statements_covered": 24.65753424657534, "percent_statements_covered_display": "25"}, "missing_lines": [168, 172, 173, 175, 187, 190, 193, 195, 196, 197, 198, 199, 200, 201, 202, 203, 206, 207, 208, 209, 210, 211, 212, 213, 214, 215, 218, 219, 220, 222, 223, 224, 225, 226, 227, 228, 229, 230, 231, 234, 235, 236, 237, 238, 239, 240, 241, 242, 244, 256, 258, 259, 262, 263, 264, 265, 266, 267, 268, 269, 270, 271, 273, 292, 295, 296, 297, 298, 299, 300, 301, 302, 305, 306, 307, 308, 309, 310, 311, 317, 318, 319, 320, 321, 322, 325, 326, 327, 328, 329, 330, 334, 335, 337, 351, 354, 359, 360, 370, 376, 384, 394, 403, 404, 413, 414, 424, 425, 434, 446], "excluded_lines": [], "functions": {"CDNDetector.analyze": {"executed_lines": [], "summary": {"covered_lines": 0, "num_statements": 4, "percent_covered": 0.0, "percent_covered_display": "0", "missing_lines": 4, "excluded_lines": 0, "percent_statements_covered": 0.0, "percent_statements_covered_display": "0"}, "missing_lines": [168, 172, 173, 175], "excluded_lines": []}, "CDNDetector.detect_from_headers": {"executed_lines": [], "summary": {"covered_lines": 0, "num_statements": 45, "percent_covered": 0.0, "percent_covered_display": "0", "missing_lines": 45, "excluded_lines": 0, "percent_statements_covered": 0.0, "percent_statements_covered_display": "0"}, "missing_lines": [187, 190, 193, 195, 196, 197, 198, 199, 200, 201, 202, 203, 206, 207, 208, 209, 210, 211, 212, 213, 214, 215, 218, 219, 220, 222, 223, 224, 225, 226, 227, 228, 229, 230, 231, 234, 235, 236, 237, 238, 239, 240, 241, 242, 244], "excluded_lines": []}, "CDNDetector.detect_from_cname": {"executed_lines": [], "summary": {"covered_lines": 0, "num_statements": 14, "percent_covered": 0.0, "percent_covered_display": "0", "missing_lines": 14, "excluded_lines": 0, "percent_statements_covered": 0.0, "percent_statements_covered_display": "0"}, "missing_lines": [256, 258, 259, 262, 263, 264, 265, 266, 267, 268, 269, 270, 271, 273], "excluded_lines": []}, "CDNDetector.combine_results": {"executed_lines": [], "summary": {"covered_lines": 0, "num_statements": 31, "percent_covered": 0.0, "percent_covered_display": "0", "missing_lines": 31, "excluded_lines": 0, "percent_statements_covered": 0.0, "percent_statements_covered_display": "0"}, "missing_lines": [292, 295, 296, 297, 298, 299, 300, 301, 302, 305, 306, 307, 308, 309, 310, 311, 317, 318, 319, 320, 321, 322, 325, 326, 327, 328, 329, 330, 334, 335, 337], "excluded_lines": []}, "CDNDetector.describe_output": {"executed_lines": [], "summary": {"covered_lines": 0, "num_statements": 15, "percent_covered": 0.0, "percent_covered_display": "0", "missing_lines": 15, "excluded_lines": 0, "percent_statements_covered": 0.0, "percent_statements_covered_display": "0"}, "missing_lines": [351, 354, 359, 360, 370, 376, 384, 394, 403, 404, 413, 414, 424, 425, 434], "excluded_lines": []}, "CDNDetector.to_dict": {"executed_lines": [], "summary": {"covered_lines": 0, "num_statements": 1, "percent_covered": 0.0, "percent_covered_display": "0", "missing_lines": 1, "excluded_lines": 0, "percent_statements_covered": 0.0, "percent_statements_covered_display": "0"}, "missing_lines": [446], "excluded_lines": []}, "": {"executed_lines": [1, 7, 8, 10, 12, 13, 15, 23, 24, 26, 27, 35, 36, 37, 39, 40, 41, 42, 43, 44, 45, 46, 54, 55, 56, 73, 74, 75, 76, 77, 78, 79, 86, 134, 153, 177, 246, 275, 339, 436], "summary": {"covered_lines": 36, "num_statements": 36, "percent_covered": 100.0, "percent_covered_display": "100", "missing_lines": 0, "excluded_lines": 0, "percent_statements_covered": 100.0, "percent_statements_covered_display": "100"}, "missing_lines": [], "excluded_lines": []}}, "classes": {"CDNConfig": {"executed_lines": [], "summary": {"covered_lines": 0, "num_statements": 0, "percent_covered": 100.0, "percent_covered_display": "100", "missing_lines": 0, "excluded_lines": 0, "percent_statements_covered": 100.0, "percent_statements_covered_display": "100"}, "missing_lines": [], "excluded_lines": []}, "CDNDetectionResult": {"executed_lines": [], "summary": {"covered_lines": 0, "num_statements": 0, "percent_covered": 100.0, "percent_covered_display": "100", "missing_lines": 0, "excluded_lines": 0, "percent_statements_covered": 100.0, "percent_statements_covered_display": "100"}, "missing_lines": [], "excluded_lines": []}, "CDNDetector": {"executed_lines": [], "summary": {"covered_lines": 0, "num_statements": 110, "percent_covered": 0.0, "percent_covered_display": "0", "missing_lines": 110, "excluded_lines": 0, "percent_statements_covered": 0.0, "percent_statements_covered_display": "0"}, "missing_lines": [168, 172, 173, 175, 187, 190, 193, 195, 196, 197, 198, 199, 200, 201, 202, 203, 206, 207, 208, 209, 210, 211, 212, 213, 214, 215, 218, 219, 220, 222, 223, 224, 225, 226, 227, 228, 229, 230, 231, 234, 235, 236, 237, 238, 239, 240, 241, 242, 244, 256, 258, 259, 262, 263, 264, 265, 266, 267, 268, 269, 270, 271, 273, 292, 295, 296, 297, 298, 299, 300, 301, 302, 305, 306, 307, 308, 309, 310, 311, 317, 318, 319, 320, 321, 322, 325, 326, 327, 328, 329, 330, 334, 335, 337, 351, 354, 359, 360, 370, 376, 384, 394, 403, 404, 413, 414, 424, 425, 434, 446], "excluded_lines": []}, "": {"executed_lines": [1, 7, 8, 10, 12, 13, 15, 23, 24, 26, 27, 35, 36, 37, 39, 40, 41, 42, 43, 44, 45, 46, 54, 55, 56, 73, 74, 75, 76, 77, 78, 79, 86, 134, 153, 177, 246, 275, 339, 436], "summary": {"covered_lines": 36, "num_statements": 36, "percent_covered": 100.0, "percent_covered_display": "100", "missing_lines": 0, "excluded_lines": 0, "percent_statements_covered": 100.0, "percent_statements_covered_display": "100"}, "missing_lines": [], "excluded_lines": []}}}, "src/webmaster_domain_tool/analyzers/dns_analyzer.py": {"executed_lines": [1, 8, 9, 10, 12, 13, 14, 15, 16, 17, 19, 20, 21, 22, 24, 27, 29, 31, 34, 35, 36, 37, 39, 53, 54, 56, 60, 61, 65, 69, 77, 78, 79, 81, 82, 83, 84, 87, 88, 89, 91, 92, 93, 94, 95, 96, 99, 100, 101, 103, 104, 105, 106, 107, 108, 109, 117, 118, 119, 140, 141, 142, 143, 144, 145, 146, 152, 158, 206, 218, 221, 226, 227, 228, 231, 232, 234, 238, 239, 240, 248, 272, 273, 282, 283, 290, 291, 292, 293, 295, 304, 311, 326, 344, 355, 356, 366, 367, 376, 378, 389, 390, 391, 402, 403, 404, 413, 427, 512, 536, 563, 588, 632, 705, 707, 709], "summary": {"covered_lines": 110, "num_statements": 300, "percent_covered": 36.666666666666664, "percent_covered_display": "37", "missing_lines": 190, "excluded_lines": 0, "percent_statements_covered": 36.666666666666664, "percent_statements_covered_display": "37"}, "missing_lines": [30, 32, 33, 38, 41, 42, 43, 44, 45, 169, 172, 174, 177, 180, 183, 184, 185, 188, 189, 192, 195, 198, 199, 200, 201, 202, 204, 229, 235, 250, 251, 260, 261, 262, 263, 264, 318, 327, 334, 335, 345, 431, 432, 433, 436, 437, 438, 440, 442, 443, 449, 450, 451, 454, 455, 456, 457, 458, 459, 460, 462, 463, 470, 473, 474, 475, 476, 478, 482, 483, 484, 485, 486, 487, 488, 489, 490, 491, 492, 493, 494, 495, 496, 497, 501, 502, 503, 504, 505, 506, 507, 508, 509, 510, 520, 521, 522, 525, 526, 531, 532, 533, 534, 540, 541, 542, 543, 545, 553, 554, 556, 558, 559, 560, 561, 567, 569, 570, 571, 574, 575, 577, 578, 579, 582, 583, 584, 585, 586, 593, 595, 596, 597, 599, 601, 602, 604, 606, 607, 608, 612, 613, 614, 616, 617, 620, 621, 624, 625, 626, 627, 628, 629, 630, 643, 645, 646, 649, 650, 651, 652, 653, 654, 655, 656, 657, 658, 662, 663, 664, 665, 666, 667, 668, 669, 670, 671, 674, 678, 679, 680, 681, 682, 687, 689, 693, 694, 695, 697, 708], "excluded_lines": [], "functions": {"_format_seconds_human": {"executed_lines": [29, 31, 34, 35, 36, 37, 39], "summary": {"covered_lines": 7, "num_statements": 16, "percent_covered": 43.75, "percent_covered_display": "44", "missing_lines": 9, "excluded_lines": 0, "percent_statements_covered": 43.75, "percent_statements_covered_display": "44"}, "missing_lines": [30, 32, 33, 38, 41, 42, 43, 44, 45], "excluded_lines": []}, "DNSAnalyzer.analyze": {"executed_lines": [], "summary": {"covered_lines": 0, "num_statements": 18, "percent_covered": 0.0, "percent_covered_display": "0", "missing_lines": 18, "excluded_lines": 0, "percent_statements_covered": 0.0, "percent_statements_covered_display": "0"}, "missing_lines": [169, 172, 174, 177, 180, 183, 184, 185, 188, 189, 192, 195, 198, 199, 200, 201, 202, 204], "excluded_lines": []}, "DNSAnalyzer.describe_output": {"executed_lines": [218, 221, 226, 227, 228, 231, 232, 234, 238, 239, 240, 248, 272, 273, 282, 283, 290, 291, 292, 293, 295, 304, 311, 326, 344, 355, 356, 366, 367, 376], "summary": {"covered_lines": 30, "num_statements": 44, "percent_covered": 68.18181818181819, "percent_covered_display": "68", "missing_lines": 14, "excluded_lines": 0, "percent_statements_covered": 68.18181818181819, "percent_statements_covered_display": "68"}, "missing_lines": [229, 235, 250, 251, 260, 261, 262, 263, 264, 318, 327, 334, 335, 345], "excluded_lines": []}, "DNSAnalyzer.to_dict": {"executed_lines": [389, 390, 391, 402, 403, 404, 413], "summary": {"covered_lines": 7, "num_statements": 7, "percent_covered": 100.0, "percent_covered_display": "100", "missing_lines": 0, "excluded_lines": 0, "percent_statements_covered": 100.0, "percent_statements_covered_display": "100"}, "missing_lines": [], "excluded_lines": []}, "DNSAnalyzer._check_domain_records": {"executed_lines": [], "summary": {"covered_lines": 0, "num_statements": 53, "percent_covered": 0.0, "percent_covered_display": "0", "missing_lines": 53, "excluded_lines": 0, "percent_statements_covered": 0.0, "percent_statements_covered_display": "0"}, "missing_lines": [431, 432, 433, 436, 437, 438, 440, 442, 443, 449, 450, 451, 454, 455, 456, 457, 458, 459, 460, 462, 463, 470, 473, 474, 475, 476, 478, 482, 483, 484, 485, 486, 487, 488, 489, 490, 491, 492, 493, 494, 495, 496, 497, 501, 502, 503, 504, 505, 506, 507, 508, 509, 510], "excluded_lines": []}, "DNSAnalyzer._check_www_cname": {"executed_lines": [], "summary": {"covered_lines": 0, "num_statements": 9, "percent_covered": 0.0, "percent_covered_display": "0", "missing_lines": 9, "excluded_lines": 0, "percent_statements_covered": 0.0, "percent_statements_covered_display": "0"}, "missing_lines": [520, 521, 522, 525, 526, 531, 532, 533, 534], "excluded_lines": []}, "DNSAnalyzer._create_dns_record": {"executed_lines": [], "summary": {"covered_lines": 0, "num_statements": 12, "percent_covered": 0.0, "percent_covered_display": "0", "missing_lines": 12, "excluded_lines": 0, "percent_statements_covered": 0.0, "percent_statements_covered_display": "0"}, "missing_lines": [540, 541, 542, 543, 545, 553, 554, 556, 558, 559, 560, 561], "excluded_lines": []}, "DNSAnalyzer._validate_mx_records": {"executed_lines": [], "summary": {"covered_lines": 0, "num_statements": 14, "percent_covered": 0.0, "percent_covered_display": "0", "missing_lines": 14, "excluded_lines": 0, "percent_statements_covered": 0.0, "percent_statements_covered_display": "0"}, "missing_lines": [567, 569, 570, 571, 574, 575, 577, 578, 579, 582, 583, 584, 585, 586], "excluded_lines": []}, "DNSAnalyzer._check_ptr_records": {"executed_lines": [], "summary": {"covered_lines": 0, "num_statements": 25, "percent_covered": 0.0, "percent_covered_display": "0", "missing_lines": 25, "excluded_lines": 0, "percent_statements_covered": 0.0, "percent_statements_covered_display": "0"}, "missing_lines": [593, 595, 596, 597, 599, 601, 602, 604, 606, 607, 608, 612, 613, 614, 616, 617, 620, 621, 624, 625, 626, 627, 628, 629, 630], "excluded_lines": []}, "DNSAnalyzer._check_dnssec": {"executed_lines": [], "summary": {"covered_lines": 0, "num_statements": 35, "percent_covered": 0.0, "percent_covered_display": "0", "missing_lines": 35, "excluded_lines": 0, "percent_statements_covered": 0.0, "percent_statements_covered_display": "0"}, "missing_lines": [643, 645, 646, 649, 650, 651, 652, 653, 654, 655, 656, 657, 658, 662, 663, 664, 665, 666, 667, 668, 669, 670, 671, 674, 678, 679, 680, 681, 682, 687, 689, 693, 694, 695, 697], "excluded_lines": []}, "_format_ttl": {"executed_lines": [707, 709], "summary": {"covered_lines": 2, "num_statements": 3, "percent_covered": 66.66666666666667, "percent_covered_display": "67", "missing_lines": 1, "excluded_lines": 0, "percent_statements_covered": 66.66666666666667, "percent_statements_covered_display": "67"}, "missing_lines": [708], "excluded_lines": []}, "": {"executed_lines": [1, 8, 9, 10, 12, 13, 14, 15, 16, 17, 19, 20, 21, 22, 24, 27, 53, 54, 56, 60, 61, 65, 69, 77, 78, 79, 81, 82, 83, 84, 87, 88, 89, 91, 92, 93, 94, 95, 96, 99, 100, 101, 103, 104, 105, 106, 107, 108, 109, 117, 118, 119, 140, 141, 142, 143, 144, 145, 146, 152, 158, 206, 378, 427, 512, 536, 563, 588, 632, 705], "summary": {"covered_lines": 64, "num_statements": 64, "percent_covered": 100.0, "percent_covered_display": "100", "missing_lines": 0, "excluded_lines": 0, "percent_statements_covered": 100.0, "percent_statements_covered_display": "100"}, "missing_lines": [], "excluded_lines": []}}, "classes": {"DNSConfig": {"executed_lines": [], "summary": {"covered_lines": 0, "num_statements": 0, "percent_covered": 100.0, "percent_covered_display": "100", "missing_lines": 0, "excluded_lines": 0, "percent_statements_covered": 100.0, "percent_statements_covered_display": "100"}, "missing_lines": [], "excluded_lines": []}, "DNSRecord": {"executed_lines": [], "summary": {"covered_lines": 0, "num_statements": 0, "percent_covered": 100.0, "percent_covered_display": "100", "missing_lines": 0, "excluded_lines": 0, "percent_statements_covered": 100.0, "percent_statements_covered_display": "100"}, "missing_lines": [], "excluded_lines": []}, "DNSSECInfo": {"executed_lines": [], "summary": {"covered_lines": 0, "num_statements": 0, "percent_covered": 100.0, "percent_covered_display": "100", "missing_lines": 0, "excluded_lines": 0, "percent_statements_covered": 100.0, "percent_statements_covered_display": "100"}, "missing_lines": [], "excluded_lines": []}, "DNSAnalysisResult": {"executed_lines": [], "summary": {"covered_lines": 0, "num_statements": 0, "percent_covered": 100.0, "percent_covered_display": "100", "missing_lines": 0, "excluded_lines": 0, "percent_statements_covered": 100.0, "percent_statements_covered_display": "100"}, "missing_lines": [], "excluded_lines": []}, "DNSAnalyzer": {"executed_lines": [218, 221, 226, 227, 228, 231, 232, 234, 238, 239, 240, 248, 272, 273, 282, 283, 290, 291, 292, 293, 295, 304, 311, 326, 344, 355, 356, 366, 367, 376, 389, 390, 391, 402, 403, 404, 413], "summary": {"covered_lines": 37, "num_statements": 217, "percent_covered": 17.05069124423963, "percent_covered_display": "17", "missing_lines": 180, "excluded_lines": 0, "percent_statements_covered": 17.05069124423963, "percent_statements_covered_display": "17"}, "missing_lines": [169, 172, 174, 177, 180, 183, 184, 185, 188, 189, 192, 195, 198, 199, 200, 201, 202, 204, 229, 235, 250, 251, 260, 261, 262, 263, 264, 318, 327, 334, 335, 345, 431, 432, 433, 436, 437, 438, 440, 442, 443, 449, 450, 451, 454, 455, 456, 457, 458, 459, 460, 462, 463, 470, 473, 474, 475, 476, 478, 482, 483, 484, 485, 486, 487, 488, 489, 490, 491, 492, 493, 494, 495, 496, 497, 501, 502, 503, 504, 505, 506, 507, 508, 509, 510, 520, 521, 522, 525, 526, 531, 532, 533, 534, 540, 541, 542, 543, 545, 553, 554, 556, 558, 559, 560, 561, 567, 569, 570, 571, 574, 575, 577, 578, 579, 582, 583, 584, 585, 586, 593, 595, 596, 597, 599, 601, 602, 604, 606, 607, 608, 612, 613, 614, 616, 617, 620, 621, 624, 625, 626, 627, 628, 629, 630, 643, 645, 646, 649, 650, 651, 652, 653, 654, 655, 656, 657, 658, 662, 663, 664, 665, 666, 667, 668, 669, 670, 671, 674, 678, 679, 680, 681, 682, 687, 689, 693, 694, 695, 697], "excluded_lines": []}, "": {"executed_lines": [1, 8, 9, 10, 12, 13, 14, 15, 16, 17, 19, 20, 21, 22, 24, 27, 29, 31, 34, 35, 36, 37, 39, 53, 54, 56, 60, 61, 65, 69, 77, 78, 79, 81, 82, 83, 84, 87, 88, 89, 91, 92, 93, 94, 95, 96, 99, 100, 101, 103, 104, 105, 106, 107, 108, 109, 117, 118, 119, 140, 141, 142, 143, 144, 145, 146, 152, 158, 206, 378, 427, 512, 536, 563, 588, 632, 705, 707, 709], "summary": {"covered_lines": 73, "num_statements": 83, "percent_covered": 87.95180722891567, "percent_covered_display": "88", "missing_lines": 10, "excluded_lines": 0, "percent_statements_covered": 87.95180722891567, "percent_statements_covered_display": "88"}, "missing_lines": [30, 32, 33, 38, 41, 42, 43, 44, 45, 708], "excluded_lines": []}}}, "src/webmaster_domain_tool/analyzers/dns_utils.py": {"executed_lines": [1, 3, 5, 7, 9, 12], "summary": {"covered_lines": 5, "num_statements": 21, "percent_covered": 23.80952380952381, "percent_covered_display": "24", "missing_lines": 16, "excluded_lines": 0, "percent_statements_covered": 23.80952380952381, "percent_statements_covered_display": "24"}, "missing_lines": [39, 40, 42, 43, 44, 46, 47, 50, 51, 52, 53, 55, 56, 59, 60, 62], "excluded_lines": [], "functions": {"create_resolver": {"executed_lines": [], "summary": {"covered_lines": 0, "num_statements": 16, "percent_covered": 0.0, "percent_covered_display": "0", "missing_lines": 16, "excluded_lines": 0, "percent_statements_covered": 0.0, "percent_statements_covered_display": "0"}, "missing_lines": [39, 40, 42, 43, 44, 46, 47, 50, 51, 52, 53, 55, 56, 59, 60, 62], "excluded_lines": []}, "": {"executed_lines": [1, 3, 5, 7, 9, 12], "summary": {"covered_lines": 5, "num_statements": 5, "percent_covered": 100.0, "percent_covered_display": "100", "missing_lines": 0, "excluded_lines": 0, "percent_statements_covered": 100.0, "percent_statements_covered_display": "100"}, "missing_lines": [], "excluded_lines": []}}, "classes": {"": {"executed_lines": [1, 3, 5, 7, 9, 12], "summary": {"covered_lines": 5, "num_statements": 21, "percent_covered": 23.80952380952381, "percent_covered_display": "24", "missing_lines": 16, "excluded_lines": 0, "percent_statements_covered": 23.80952380952381, "percent_statements_covered_display": "24"}, "missing_lines": [39, 40, 42, 43, 44, 46, 47, 50, 51, 52, 53, 55, 56, 59, 60, 62], "excluded_lines": []}}}, "src/webmaster_domain_tool/analyzers/email_security.py": {"executed_lines": [1, 7, 8, 10, 11, 12, 13, 15, 16, 17, 18, 20, 28, 29, 31, 35, 36, 37, 38, 48, 49, 50, 52, 53, 54, 55, 56, 57, 60, 61, 62, 64, 65, 66, 67, 68, 69, 70, 71, 74, 75, 76, 78, 79, 80, 81, 82, 83, 84, 85, 86, 89, 90, 91, 93, 94, 95, 96, 97, 98, 99, 102, 103, 104, 106, 107, 108, 109, 110, 111, 112, 113, 114, 115, 118, 119, 120, 122, 123, 124, 125, 126, 127, 130, 131, 132, 134, 135, 136, 137, 138, 139, 140, 141, 142, 143, 151, 152, 153, 170, 171, 172, 173, 174, 175, 176, 182, 242, 476, 581, 602, 653, 678, 748, 763, 834, 855, 900, 972], "summary": {"covered_lines": 109, "num_statements": 457, "percent_covered": 23.85120350109409, "percent_covered_display": "24", "missing_lines": 348, "excluded_lines": 0, "percent_statements_covered": 23.85120350109409, "percent_statements_covered_display": "24"}, "missing_lines": [193, 194, 197, 200, 203, 204, 205, 206, 209, 210, 211, 212, 213, 214, 217, 218, 219, 220, 223, 224, 225, 226, 229, 230, 231, 232, 235, 236, 237, 238, 240, 254, 257, 260, 261, 271, 280, 288, 289, 297, 307, 308, 318, 319, 327, 337, 339, 345, 355, 364, 365, 373, 383, 384, 393, 394, 403, 404, 410, 423, 424, 433, 434, 443, 444, 453, 454, 464, 465, 474, 486, 493, 494, 503, 506, 507, 508, 517, 520, 521, 533, 536, 537, 546, 549, 550, 561, 564, 565, 573, 575, 583, 585, 586, 588, 590, 591, 593, 595, 596, 598, 600, 613, 614, 617, 618, 619, 620, 621, 622, 624, 625, 626, 629, 630, 632, 633, 634, 635, 636, 639, 641, 642, 644, 645, 646, 647, 648, 649, 650, 651, 656, 657, 658, 659, 660, 662, 663, 665, 668, 669, 670, 675, 676, 692, 693, 694, 697, 698, 699, 701, 702, 703, 706, 707, 708, 709, 710, 711, 715, 716, 717, 718, 722, 723, 724, 727, 728, 729, 730, 733, 735, 736, 738, 739, 740, 741, 742, 743, 744, 745, 746, 751, 752, 755, 756, 757, 760, 761, 774, 775, 776, 779, 780, 781, 782, 783, 784, 786, 787, 788, 791, 794, 795, 796, 797, 798, 799, 801, 802, 805, 806, 807, 808, 811, 812, 813, 814, 817, 819, 820, 822, 823, 824, 825, 826, 827, 828, 829, 830, 831, 832, 837, 838, 839, 840, 841, 842, 843, 848, 849, 852, 853, 858, 859, 861, 862, 864, 865, 868, 869, 870, 873, 874, 875, 876, 877, 878, 879, 881, 882, 884, 886, 888, 889, 890, 891, 892, 893, 894, 895, 896, 898, 905, 906, 909, 910, 912, 913, 916, 917, 918, 919, 920, 922, 923, 924, 925, 926, 927, 928, 929, 930, 933, 934, 936, 937, 938, 940, 941, 942, 945, 946, 947, 948, 949, 950, 951, 952, 953, 954, 955, 956, 958, 960, 964, 965, 966, 967, 968, 970, 975, 976, 978, 979, 981, 982, 985, 986, 987, 990, 991, 992, 993, 995, 996, 998, 999, 1001, 1002, 1003, 1004, 1005, 1006, 1007, 1008, 1009, 1011], "excluded_lines": [], "functions": {"EmailSecurityAnalyzer.analyze": {"executed_lines": [], "summary": {"covered_lines": 0, "num_statements": 31, "percent_covered": 0.0, "percent_covered_display": "0", "missing_lines": 31, "excluded_lines": 0, "percent_statements_covered": 0.0, "percent_statements_covered_display": "0"}, "missing_lines": [193, 194, 197, 200, 203, 204, 205, 206, 209, 210, 211, 212, 213, 214, 217, 218, 219, 220, 223, 224, 225, 226, 229, 230, 231, 232, 235, 236, 237, 238, 240], "excluded_lines": []}, "EmailSecurityAnalyzer.describe_output": {"executed_lines": [], "summary": {"covered_lines": 0, "num_statements": 39, "percent_covered": 0.0, "percent_covered_display": "0", "missing_lines": 39, "excluded_lines": 0, "percent_statements_covered": 0.0, "percent_statements_covered_display": "0"}, "missing_lines": [254, 257, 260, 261, 271, 280, 288, 289, 297, 307, 308, 318, 319, 327, 337, 339, 345, 355, 364, 365, 373, 383, 384, 393, 394, 403, 404, 410, 423, 424, 433, 434, 443, 444, 453, 454, 464, 465, 474], "excluded_lines": []}, "EmailSecurityAnalyzer.to_dict": {"executed_lines": [], "summary": {"covered_lines": 0, "num_statements": 21, "percent_covered": 0.0, "percent_covered_display": "0", "missing_lines": 21, "excluded_lines": 0, "percent_statements_covered": 0.0, "percent_statements_covered_display": "0"}, "missing_lines": [486, 493, 494, 503, 506, 507, 508, 517, 520, 521, 533, 536, 537, 546, 549, 550, 561, 564, 565, 573, 575], "excluded_lines": []}, "EmailSecurityAnalyzer._get_quiet_summary": {"executed_lines": [], "summary": {"covered_lines": 0, "num_statements": 11, "percent_covered": 0.0, "percent_covered_display": "0", "missing_lines": 11, "excluded_lines": 0, "percent_statements_covered": 0.0, "percent_statements_covered_display": "0"}, "missing_lines": [583, 585, 586, 588, 590, 591, 593, 595, 596, 598, 600], "excluded_lines": []}, "EmailSecurityAnalyzer._check_spf": {"executed_lines": [], "summary": {"covered_lines": 0, "num_statements": 29, "percent_covered": 0.0, "percent_covered_display": "0", "missing_lines": 29, "excluded_lines": 0, "percent_statements_covered": 0.0, "percent_statements_covered_display": "0"}, "missing_lines": [613, 614, 617, 618, 619, 620, 621, 622, 624, 625, 626, 629, 630, 632, 633, 634, 635, 636, 639, 641, 642, 644, 645, 646, 647, 648, 649, 650, 651], "excluded_lines": []}, "EmailSecurityAnalyzer._validate_spf": {"executed_lines": [], "summary": {"covered_lines": 0, "num_statements": 13, "percent_covered": 0.0, "percent_covered_display": "0", "missing_lines": 13, "excluded_lines": 0, "percent_statements_covered": 0.0, "percent_statements_covered_display": "0"}, "missing_lines": [656, 657, 658, 659, 660, 662, 663, 665, 668, 669, 670, 675, 676], "excluded_lines": []}, "EmailSecurityAnalyzer._check_dkim": {"executed_lines": [], "summary": {"covered_lines": 0, "num_statements": 38, "percent_covered": 0.0, "percent_covered_display": "0", "missing_lines": 38, "excluded_lines": 0, "percent_statements_covered": 0.0, "percent_statements_covered_display": "0"}, "missing_lines": [692, 693, 694, 697, 698, 699, 701, 702, 703, 706, 707, 708, 709, 710, 711, 715, 716, 717, 718, 722, 723, 724, 727, 728, 729, 730, 733, 735, 736, 738, 739, 740, 741, 742, 743, 744, 745, 746], "excluded_lines": []}, "EmailSecurityAnalyzer._validate_dkim": {"executed_lines": [], "summary": {"covered_lines": 0, "num_statements": 7, "percent_covered": 0.0, "percent_covered_display": "0", "missing_lines": 7, "excluded_lines": 0, "percent_statements_covered": 0.0, "percent_statements_covered_display": "0"}, "missing_lines": [751, 752, 755, 756, 757, 760, 761], "excluded_lines": []}, "EmailSecurityAnalyzer._check_dmarc": {"executed_lines": [], "summary": {"covered_lines": 0, "num_statements": 43, "percent_covered": 0.0, "percent_covered_display": "0", "missing_lines": 43, "excluded_lines": 0, "percent_statements_covered": 0.0, "percent_statements_covered_display": "0"}, "missing_lines": [774, 775, 776, 779, 780, 781, 782, 783, 784, 786, 787, 788, 791, 794, 795, 796, 797, 798, 799, 801, 802, 805, 806, 807, 808, 811, 812, 813, 814, 817, 819, 820, 822, 823, 824, 825, 826, 827, 828, 829, 830, 831, 832], "excluded_lines": []}, "EmailSecurityAnalyzer._validate_dmarc": {"executed_lines": [], "summary": {"covered_lines": 0, "num_statements": 11, "percent_covered": 0.0, "percent_covered_display": "0", "missing_lines": 11, "excluded_lines": 0, "percent_statements_covered": 0.0, "percent_statements_covered_display": "0"}, "missing_lines": [837, 838, 839, 840, 841, 842, 843, 848, 849, 852, 853], "excluded_lines": []}, "EmailSecurityAnalyzer._check_bimi": {"executed_lines": [], "summary": {"covered_lines": 0, "num_statements": 30, "percent_covered": 0.0, "percent_covered_display": "0", "missing_lines": 30, "excluded_lines": 0, "percent_statements_covered": 0.0, "percent_statements_covered_display": "0"}, "missing_lines": [858, 859, 861, 862, 864, 865, 868, 869, 870, 873, 874, 875, 876, 877, 878, 879, 881, 882, 884, 886, 888, 889, 890, 891, 892, 893, 894, 895, 896, 898], "excluded_lines": []}, "EmailSecurityAnalyzer._check_mta_sts": {"executed_lines": [], "summary": {"covered_lines": 0, "num_statements": 48, "percent_covered": 0.0, "percent_covered_display": "0", "missing_lines": 48, "excluded_lines": 0, "percent_statements_covered": 0.0, "percent_statements_covered_display": "0"}, "missing_lines": [905, 906, 909, 910, 912, 913, 916, 917, 918, 919, 920, 922, 923, 924, 925, 926, 927, 928, 929, 930, 933, 934, 936, 937, 938, 940, 941, 942, 945, 946, 947, 948, 949, 950, 951, 952, 953, 954, 955, 956, 958, 960, 964, 965, 966, 967, 968, 970], "excluded_lines": []}, "EmailSecurityAnalyzer._check_tls_rpt": {"executed_lines": [], "summary": {"covered_lines": 0, "num_statements": 27, "percent_covered": 0.0, "percent_covered_display": "0", "missing_lines": 27, "excluded_lines": 0, "percent_statements_covered": 0.0, "percent_statements_covered_display": "0"}, "missing_lines": [975, 976, 978, 979, 981, 982, 985, 986, 987, 990, 991, 992, 993, 995, 996, 998, 999, 1001, 1002, 1003, 1004, 1005, 1006, 1007, 1008, 1009, 1011], "excluded_lines": []}, "": {"executed_lines": [1, 7, 8, 10, 11, 12, 13, 15, 16, 17, 18, 20, 28, 29, 31, 35, 36, 37, 38, 48, 49, 50, 52, 53, 54, 55, 56, 57, 60, 61, 62, 64, 65, 66, 67, 68, 69, 70, 71, 74, 75, 76, 78, 79, 80, 81, 82, 83, 84, 85, 86, 89, 90, 91, 93, 94, 95, 96, 97, 98, 99, 102, 103, 104, 106, 107, 108, 109, 110, 111, 112, 113, 114, 115, 118, 119, 120, 122, 123, 124, 125, 126, 127, 130, 131, 132, 134, 135, 136, 137, 138, 139, 140, 141, 142, 143, 151, 152, 153, 170, 171, 172, 173, 174, 175, 176, 182, 242, 476, 581, 602, 653, 678, 748, 763, 834, 855, 900, 972], "summary": {"covered_lines": 109, "num_statements": 109, "percent_covered": 100.0, "percent_covered_display": "100", "missing_lines": 0, "excluded_lines": 0, "percent_statements_covered": 100.0, "percent_statements_covered_display": "100"}, "missing_lines": [], "excluded_lines": []}}, "classes": {"EmailConfig": {"executed_lines": [], "summary": {"covered_lines": 0, "num_statements": 0, "percent_covered": 100.0, "percent_covered_display": "100", "missing_lines": 0, "excluded_lines": 0, "percent_statements_covered": 100.0, "percent_statements_covered_display": "100"}, "missing_lines": [], "excluded_lines": []}, "SPFRecord": {"executed_lines": [], "summary": {"covered_lines": 0, "num_statements": 0, "percent_covered": 100.0, "percent_covered_display": "100", "missing_lines": 0, "excluded_lines": 0, "percent_statements_covered": 100.0, "percent_statements_covered_display": "100"}, "missing_lines": [], "excluded_lines": []}, "DKIMRecord": {"executed_lines": [], "summary": {"covered_lines": 0, "num_statements": 0, "percent_covered": 100.0, "percent_covered_display": "100", "missing_lines": 0, "excluded_lines": 0, "percent_statements_covered": 100.0, "percent_statements_covered_display": "100"}, "missing_lines": [], "excluded_lines": []}, "DMARCRecord": {"executed_lines": [], "summary": {"covered_lines": 0, "num_statements": 0, "percent_covered": 100.0, "percent_covered_display": "100", "missing_lines": 0, "excluded_lines": 0, "percent_statements_covered": 100.0, "percent_statements_covered_display": "100"}, "missing_lines": [], "excluded_lines": []}, "BIMIRecord": {"executed_lines": [], "summary": {"covered_lines": 0, "num_statements": 0, "percent_covered": 100.0, "percent_covered_display": "100", "missing_lines": 0, "excluded_lines": 0, "percent_statements_covered": 100.0, "percent_statements_covered_display": "100"}, "missing_lines": [], "excluded_lines": []}, "MTASTSRecord": {"executed_lines": [], "summary": {"covered_lines": 0, "num_statements": 0, "percent_covered": 100.0, "percent_covered_display": "100", "missing_lines": 0, "excluded_lines": 0, "percent_statements_covered": 100.0, "percent_statements_covered_display": "100"}, "missing_lines": [], "excluded_lines": []}, "TLSRPTRecord": {"executed_lines": [], "summary": {"covered_lines": 0, "num_statements": 0, "percent_covered": 100.0, "percent_covered_display": "100", "missing_lines": 0, "excluded_lines": 0, "percent_statements_covered": 100.0, "percent_statements_covered_display": "100"}, "missing_lines": [], "excluded_lines": []}, "EmailSecurityResult": {"executed_lines": [], "summary": {"covered_lines": 0, "num_statements": 0, "percent_covered": 100.0, "percent_covered_display": "100", "missing_lines": 0, "excluded_lines": 0, "percent_statements_covered": 100.0, "percent_statements_covered_display": "100"}, "missing_lines": [], "excluded_lines": []}, "EmailSecurityAnalyzer": {"executed_lines": [], "summary": {"covered_lines": 0, "num_statements": 348, "percent_covered": 0.0, "percent_covered_display": "0", "missing_lines": 348, "excluded_lines": 0, "percent_statements_covered": 0.0, "percent_statements_covered_display": "0"}, "missing_lines": [193, 194, 197, 200, 203, 204, 205, 206, 209, 210, 211, 212, 213, 214, 217, 218, 219, 220, 223, 224, 225, 226, 229, 230, 231, 232, 235, 236, 237, 238, 240, 254, 257, 260, 261, 271, 280, 288, 289, 297, 307, 308, 318, 319, 327, 337, 339, 345, 355, 364, 365, 373, 383, 384, 393, 394, 403, 404, 410, 423, 424, 433, 434, 443, 444, 453, 454, 464, 465, 474, 486, 493, 494, 503, 506, 507, 508, 517, 520, 521, 533, 536, 537, 546, 549, 550, 561, 564, 565, 573, 575, 583, 585, 586, 588, 590, 591, 593, 595, 596, 598, 600, 613, 614, 617, 618, 619, 620, 621, 622, 624, 625, 626, 629, 630, 632, 633, 634, 635, 636, 639, 641, 642, 644, 645, 646, 647, 648, 649, 650, 651, 656, 657, 658, 659, 660, 662, 663, 665, 668, 669, 670, 675, 676, 692, 693, 694, 697, 698, 699, 701, 702, 703, 706, 707, 708, 709, 710, 711, 715, 716, 717, 718, 722, 723, 724, 727, 728, 729, 730, 733, 735, 736, 738, 739, 740, 741, 742, 743, 744, 745, 746, 751, 752, 755, 756, 757, 760, 761, 774, 775, 776, 779, 780, 781, 782, 783, 784, 786, 787, 788, 791, 794, 795, 796, 797, 798, 799, 801, 802, 805, 806, 807, 808, 811, 812, 813, 814, 817, 819, 820, 822, 823, 824, 825, 826, 827, 828, 829, 830, 831, 832, 837, 838, 839, 840, 841, 842, 843, 848, 849, 852, 853, 858, 859, 861, 862, 864, 865, 868, 869, 870, 873, 874, 875, 876, 877, 878, 879, 881, 882, 884, 886, 888, 889, 890, 891, 892, 893, 894, 895, 896, 898, 905, 906, 909, 910, 912, 913, 916, 917, 918, 919, 920, 922, 923, 924, 925, 926, 927, 928, 929, 930, 933, 934, 936, 937, 938, 940, 941, 942, 945, 946, 947, 948, 949, 950, 951, 952, 953, 954, 955, 956, 958, 960, 964, 965, 966, 967, 968, 970, 975, 976, 978, 979, 981, 982, 985, 986, 987, 990, 991, 992, 993, 995, 996, 998, 999, 1001, 1002, 1003, 1004, 1005, 1006, 1007, 1008, 1009, 1011], "excluded_lines": []}, "": {"executed_lines": [1, 7, 8, 10, 11, 12, 13, 15, 16, 17, 18, 20, 28, 29, 31, 35, 36, 37, 38, 48, 49, 50, 52, 53, 54, 55, 56, 57, 60, 61, 62, 64, 65, 66, 67, 68, 69, 70, 71, 74, 75, 76, 78, 79, 80, 81, 82, 83, 84, 85, 86, 89, 90, 91, 93, 94, 95, 96, 97, 98, 99, 102, 103, 104, 106, 107, 108, 109, 110, 111, 112, 113, 114, 115, 118, 119, 120, 122, 123, 124, 125, 126, 127, 130, 131, 132, 134, 135, 136, 137, 138, 139, 140, 141, 142, 143, 151, 152, 153, 170, 171, 172, 173, 174, 175, 176, 182, 242, 476, 581, 602, 653, 678, 748, 763, 834, 855, 900, 972], "summary": {"covered_lines": 109, "num_statements": 109, "percent_covered": 100.0, "percent_covered_display": "100", "missing_lines": 0, "excluded_lines": 0, "percent_statements_covered": 100.0, "percent_statements_covered_display": "100"}, "missing_lines": [], "excluded_lines": []}}}, "src/webmaster_domain_tool/analyzers/favicon_analyzer.py": {"executed_lines": [1, 7, 8, 9, 10, 11, 12, 13, 14, 16, 17, 19, 20, 22, 30, 149, 210, 211, 213, 220, 221, 229, 230, 231, 233, 234, 235, 236, 237, 238, 239, 240, 241, 242, 243, 244, 245, 250, 251, 252, 254, 255, 256, 257, 258, 259, 267, 268, 269, 286, 287, 288, 289, 290, 291, 292, 299, 323, 392, 482, 541, 557, 651, 814], "summary": {"covered_lines": 59, "num_statements": 361, "percent_covered": 16.343490304709142, "percent_covered_display": "16", "missing_lines": 302, "excluded_lines": 0, "percent_statements_covered": 16.343490304709142, "percent_statements_covered_display": "16"}, "missing_lines": [42, 43, 46, 47, 49, 52, 55, 56, 58, 60, 65, 70, 71, 74, 75, 77, 78, 79, 80, 81, 82, 83, 84, 85, 86, 87, 90, 91, 94, 95, 97, 98, 99, 100, 103, 104, 107, 108, 109, 110, 111, 114, 115, 117, 118, 120, 121, 122, 123, 126, 127, 128, 129, 132, 133, 134, 135, 138, 139, 141, 142, 143, 144, 146, 161, 162, 165, 166, 168, 174, 176, 177, 179, 182, 183, 185, 186, 193, 194, 196, 198, 200, 201, 202, 336, 339, 340, 342, 345, 346, 347, 348, 351, 354, 355, 358, 361, 362, 363, 367, 369, 370, 376, 379, 382, 383, 384, 385, 387, 388, 390, 394, 396, 397, 398, 400, 401, 402, 404, 408, 412, 413, 414, 417, 418, 419, 421, 422, 425, 426, 429, 430, 433, 434, 436, 441, 443, 444, 448, 452, 453, 454, 460, 461, 462, 466, 469, 470, 471, 472, 473, 475, 476, 477, 478, 480, 486, 488, 489, 490, 492, 493, 496, 498, 499, 500, 501, 502, 505, 506, 507, 508, 510, 511, 512, 514, 515, 516, 519, 521, 530, 531, 532, 534, 535, 536, 537, 539, 543, 545, 546, 548, 549, 551, 552, 553, 555, 559, 560, 562, 564, 566, 567, 570, 571, 572, 573, 574, 575, 579, 580, 584, 585, 586, 590, 591, 594, 595, 598, 600, 601, 603, 606, 607, 608, 610, 615, 616, 617, 618, 619, 624, 625, 626, 627, 628, 631, 632, 635, 636, 640, 642, 646, 647, 648, 649, 663, 666, 671, 672, 673, 682, 692, 693, 702, 711, 713, 714, 715, 716, 719, 720, 722, 723, 724, 725, 726, 727, 728, 729, 730, 731, 732, 733, 735, 744, 745, 746, 747, 748, 749, 750, 751, 752, 754, 763, 764, 765, 766, 767, 768, 769, 771, 780, 781, 782, 791, 792, 802, 803, 812, 824], "excluded_lines": [], "functions": {"_get_image_dimensions": {"executed_lines": [], "summary": {"covered_lines": 0, "num_statements": 64, "percent_covered": 0.0, "percent_covered_display": "0", "missing_lines": 64, "excluded_lines": 0, "percent_statements_covered": 0.0, "percent_statements_covered_display": "0"}, "missing_lines": [42, 43, 46, 47, 49, 52, 55, 56, 58, 60, 65, 70, 71, 74, 75, 77, 78, 79, 80, 81, 82, 83, 84, 85, 86, 87, 90, 91, 94, 95, 97, 98, 99, 100, 103, 104, 107, 108, 109, 110, 111, 114, 115, 117, 118, 120, 121, 122, 123, 126, 127, 128, 129, 132, 133, 134, 135, 138, 139, 141, 142, 143, 144, 146], "excluded_lines": []}, "_get_ico_all_dimensions": {"executed_lines": [], "summary": {"covered_lines": 0, "num_statements": 20, "percent_covered": 0.0, "percent_covered_display": "0", "missing_lines": 20, "excluded_lines": 0, "percent_statements_covered": 0.0, "percent_statements_covered_display": "0"}, "missing_lines": [161, 162, 165, 166, 168, 174, 176, 177, 179, 182, 183, 185, 186, 193, 194, 196, 198, 200, 201, 202], "excluded_lines": []}, "FaviconAnalyzer.analyze": {"executed_lines": [], "summary": {"covered_lines": 0, "num_statements": 27, "percent_covered": 0.0, "percent_covered_display": "0", "missing_lines": 27, "excluded_lines": 0, "percent_statements_covered": 0.0, "percent_statements_covered_display": "0"}, "missing_lines": [336, 339, 340, 342, 345, 346, 347, 348, 351, 354, 355, 358, 361, 362, 363, 367, 369, 370, 376, 379, 382, 383, 384, 385, 387, 388, 390], "excluded_lines": []}, "FaviconAnalyzer._parse_html_favicons": {"executed_lines": [], "summary": {"covered_lines": 0, "num_statements": 45, "percent_covered": 0.0, "percent_covered_display": "0", "missing_lines": 45, "excluded_lines": 0, "percent_statements_covered": 0.0, "percent_statements_covered_display": "0"}, "missing_lines": [394, 396, 397, 398, 400, 401, 402, 404, 408, 412, 413, 414, 417, 418, 419, 421, 422, 425, 426, 429, 430, 433, 434, 436, 441, 443, 444, 448, 452, 453, 454, 460, 461, 462, 466, 469, 470, 471, 472, 473, 475, 476, 477, 478, 480], "excluded_lines": []}, "FaviconAnalyzer._parse_manifest": {"executed_lines": [], "summary": {"covered_lines": 0, "num_statements": 32, "percent_covered": 0.0, "percent_covered_display": "0", "missing_lines": 32, "excluded_lines": 0, "percent_statements_covered": 0.0, "percent_statements_covered_display": "0"}, "missing_lines": [486, 488, 489, 490, 492, 493, 496, 498, 499, 500, 501, 502, 505, 506, 507, 508, 510, 511, 512, 514, 515, 516, 519, 521, 530, 531, 532, 534, 535, 536, 537, 539], "excluded_lines": []}, "FaviconAnalyzer._check_default_favicons": {"executed_lines": [], "summary": {"covered_lines": 0, "num_statements": 9, "percent_covered": 0.0, "percent_covered_display": "0", "missing_lines": 9, "excluded_lines": 0, "percent_statements_covered": 0.0, "percent_statements_covered_display": "0"}, "missing_lines": [543, 545, 546, 548, 549, 551, 552, 553, 555], "excluded_lines": []}, "FaviconAnalyzer._check_favicon_exists": {"executed_lines": [], "summary": {"covered_lines": 0, "num_statements": 49, "percent_covered": 0.0, "percent_covered_display": "0", "missing_lines": 49, "excluded_lines": 0, "percent_statements_covered": 0.0, "percent_statements_covered_display": "0"}, "missing_lines": [559, 560, 562, 564, 566, 567, 570, 571, 572, 573, 574, 575, 579, 580, 584, 585, 586, 590, 591, 594, 595, 598, 600, 601, 603, 606, 607, 608, 610, 615, 616, 617, 618, 619, 624, 625, 626, 627, 628, 631, 632, 635, 636, 640, 642, 646, 647, 648, 649], "excluded_lines": []}, "FaviconAnalyzer.describe_output": {"executed_lines": [], "summary": {"covered_lines": 0, "num_statements": 55, "percent_covered": 0.0, "percent_covered_display": "0", "missing_lines": 55, "excluded_lines": 0, "percent_statements_covered": 0.0, "percent_statements_covered_display": "0"}, "missing_lines": [663, 666, 671, 672, 673, 682, 692, 693, 702, 711, 713, 714, 715, 716, 719, 720, 722, 723, 724, 725, 726, 727, 728, 729, 730, 731, 732, 733, 735, 744, 745, 746, 747, 748, 749, 750, 751, 752, 754, 763, 764, 765, 766, 767, 768, 769, 771, 780, 781, 782, 791, 792, 802, 803, 812], "excluded_lines": []}, "FaviconAnalyzer.to_dict": {"executed_lines": [], "summary": {"covered_lines": 0, "num_statements": 1, "percent_covered": 0.0, "percent_covered_display": "0", "missing_lines": 1, "excluded_lines": 0, "percent_statements_covered": 0.0, "percent_statements_covered_display": "0"}, "missing_lines": [824], "excluded_lines": []}, "": {"executed_lines": [1, 7, 8, 9, 10, 11, 12, 13, 14, 16, 17, 19, 20, 22, 30, 149, 210, 211, 213, 220, 221, 229, 230, 231, 233, 234, 235, 236, 237, 238, 239, 240, 241, 242, 243, 244, 245, 250, 251, 252, 254, 255, 256, 257, 258, 259, 267, 268, 269, 286, 287, 288, 289, 290, 291, 292, 299, 323, 392, 482, 541, 557, 651, 814], "summary": {"covered_lines": 59, "num_statements": 59, "percent_covered": 100.0, "percent_covered_display": "100", "missing_lines": 0, "excluded_lines": 0, "percent_statements_covered": 100.0, "percent_statements_covered_display": "100"}, "missing_lines": [], "excluded_lines": []}}, "classes": {"FaviconConfig": {"executed_lines": [], "summary": {"covered_lines": 0, "num_statements": 0, "percent_covered": 100.0, "percent_covered_display": "100", "missing_lines": 0, "excluded_lines": 0, "percent_statements_covered": 100.0, "percent_statements_covered_display": "100"}, "missing_lines": [], "excluded_lines": []}, "FaviconInfo": {"executed_lines": [], "summary": {"covered_lines": 0, "num_statements": 0, "percent_covered": 100.0, "percent_covered_display": "100", "missing_lines": 0, "excluded_lines": 0, "percent_statements_covered": 100.0, "percent_statements_covered_display": "100"}, "missing_lines": [], "excluded_lines": []}, "FaviconAnalysisResult": {"executed_lines": [], "summary": {"covered_lines": 0, "num_statements": 0, "percent_covered": 100.0, "percent_covered_display": "100", "missing_lines": 0, "excluded_lines": 0, "percent_statements_covered": 100.0, "percent_statements_covered_display": "100"}, "missing_lines": [], "excluded_lines": []}, "FaviconAnalyzer": {"executed_lines": [], "summary": {"covered_lines": 0, "num_statements": 218, "percent_covered": 0.0, "percent_covered_display": "0", "missing_lines": 218, "excluded_lines": 0, "percent_statements_covered": 0.0, "percent_statements_covered_display": "0"}, "missing_lines": [336, 339, 340, 342, 345, 346, 347, 348, 351, 354, 355, 358, 361, 362, 363, 367, 369, 370, 376, 379, 382, 383, 384, 385, 387, 388, 390, 394, 396, 397, 398, 400, 401, 402, 404, 408, 412, 413, 414, 417, 418, 419, 421, 422, 425, 426, 429, 430, 433, 434, 436, 441, 443, 444, 448, 452, 453, 454, 460, 461, 462, 466, 469, 470, 471, 472, 473, 475, 476, 477, 478, 480, 486, 488, 489, 490, 492, 493, 496, 498, 499, 500, 501, 502, 505, 506, 507, 508, 510, 511, 512, 514, 515, 516, 519, 521, 530, 531, 532, 534, 535, 536, 537, 539, 543, 545, 546, 548, 549, 551, 552, 553, 555, 559, 560, 562, 564, 566, 567, 570, 571, 572, 573, 574, 575, 579, 580, 584, 585, 586, 590, 591, 594, 595, 598, 600, 601, 603, 606, 607, 608, 610, 615, 616, 617, 618, 619, 624, 625, 626, 627, 628, 631, 632, 635, 636, 640, 642, 646, 647, 648, 649, 663, 666, 671, 672, 673, 682, 692, 693, 702, 711, 713, 714, 715, 716, 719, 720, 722, 723, 724, 725, 726, 727, 728, 729, 730, 731, 732, 733, 735, 744, 745, 746, 747, 748, 749, 750, 751, 752, 754, 763, 764, 765, 766, 767, 768, 769, 771, 780, 781, 782, 791, 792, 802, 803, 812, 824], "excluded_lines": []}, "": {"executed_lines": [1, 7, 8, 9, 10, 11, 12, 13, 14, 16, 17, 19, 20, 22, 30, 149, 210, 211, 213, 220, 221, 229, 230, 231, 233, 234, 235, 236, 237, 238, 239, 240, 241, 242, 243, 244, 245, 250, 251, 252, 254, 255, 256, 257, 258, 259, 267, 268, 269, 286, 287, 288, 289, 290, 291, 292, 299, 323, 392, 482, 541, 557, 651, 814], "summary": {"covered_lines": 59, "num_statements": 143, "percent_covered": 41.25874125874126, "percent_covered_display": "41", "missing_lines": 84, "excluded_lines": 0, "percent_statements_covered": 41.25874125874126, "percent_statements_covered_display": "41"}, "missing_lines": [42, 43, 46, 47, 49, 52, 55, 56, 58, 60, 65, 70, 71, 74, 75, 77, 78, 79, 80, 81, 82, 83, 84, 85, 86, 87, 90, 91, 94, 95, 97, 98, 99, 100, 103, 104, 107, 108, 109, 110, 111, 114, 115, 117, 118, 120, 121, 122, 123, 126, 127, 128, 129, 132, 133, 134, 135, 138, 139, 141, 142, 143, 144, 146, 161, 162, 165, 166, 168, 174, 176, 177, 179, 182, 183, 185, 186, 193, 194, 196, 198, 200, 201, 202], "excluded_lines": []}}}, "src/webmaster_domain_tool/analyzers/http_analyzer.py": {"executed_lines": [1, 8, 9, 10, 11, 13, 14, 16, 22, 23, 25, 33, 34, 36, 37, 40, 41, 52, 53, 54, 56, 57, 58, 59, 60, 61, 62, 65, 66, 67, 69, 70, 71, 72, 73, 74, 75, 78, 79, 80, 82, 83, 84, 85, 88, 89, 90, 92, 93, 94, 95, 96, 97, 105, 106, 107, 124, 125, 126, 127, 128, 129, 130, 136, 178, 295, 334, 408, 532], "summary": {"covered_lines": 62, "num_statements": 204, "percent_covered": 30.392156862745097, "percent_covered_display": "30", "missing_lines": 142, "excluded_lines": 0, "percent_statements_covered": 30.392156862745097, "percent_statements_covered_display": "30"}, "missing_lines": [147, 148, 151, 154, 160, 161, 168, 169, 170, 171, 174, 176, 189, 190, 191, 192, 194, 195, 197, 202, 203, 207, 210, 219, 220, 221, 223, 224, 225, 227, 228, 230, 231, 232, 237, 238, 239, 242, 243, 244, 246, 248, 251, 252, 256, 263, 264, 266, 267, 268, 274, 275, 277, 278, 279, 285, 286, 289, 290, 292, 293, 297, 298, 299, 301, 304, 305, 308, 309, 310, 314, 315, 318, 319, 322, 323, 328, 329, 330, 347, 348, 351, 353, 355, 357, 358, 359, 364, 369, 370, 373, 374, 375, 378, 379, 380, 384, 385, 387, 388, 390, 391, 392, 394, 395, 396, 398, 399, 400, 402, 420, 423, 429, 430, 431, 433, 436, 437, 445, 447, 450, 460, 470, 471, 472, 473, 474, 475, 476, 478, 487, 488, 489, 490, 498, 499, 509, 510, 520, 521, 530, 542], "excluded_lines": [], "functions": {"HTTPAnalyzer.analyze": {"executed_lines": [], "summary": {"covered_lines": 0, "num_statements": 12, "percent_covered": 0.0, "percent_covered_display": "0", "missing_lines": 12, "excluded_lines": 0, "percent_statements_covered": 0.0, "percent_statements_covered_display": "0"}, "missing_lines": [147, 148, 151, 154, 160, 161, 168, 169, 170, 171, 174, 176], "excluded_lines": []}, "HTTPAnalyzer._follow_redirects": {"executed_lines": [], "summary": {"covered_lines": 0, "num_statements": 49, "percent_covered": 0.0, "percent_covered_display": "0", "missing_lines": 49, "excluded_lines": 0, "percent_statements_covered": 0.0, "percent_statements_covered_display": "0"}, "missing_lines": [189, 190, 191, 192, 194, 195, 197, 202, 203, 207, 210, 219, 220, 221, 223, 224, 225, 227, 228, 230, 231, 232, 237, 238, 239, 242, 243, 244, 246, 248, 251, 252, 256, 263, 264, 266, 267, 268, 274, 275, 277, 278, 279, 285, 286, 289, 290, 292, 293], "excluded_lines": []}, "HTTPAnalyzer._validate_chain": {"executed_lines": [], "summary": {"covered_lines": 0, "num_statements": 18, "percent_covered": 0.0, "percent_covered_display": "0", "missing_lines": 18, "excluded_lines": 0, "percent_statements_covered": 0.0, "percent_statements_covered_display": "0"}, "missing_lines": [297, 298, 299, 301, 304, 305, 308, 309, 310, 314, 315, 318, 319, 322, 323, 328, 329, 330], "excluded_lines": []}, "HTTPAnalyzer.check_path": {"executed_lines": [], "summary": {"covered_lines": 0, "num_statements": 31, "percent_covered": 0.0, "percent_covered_display": "0", "missing_lines": 31, "excluded_lines": 0, "percent_statements_covered": 0.0, "percent_statements_covered_display": "0"}, "missing_lines": [347, 348, 351, 353, 355, 357, 358, 359, 364, 369, 370, 373, 374, 375, 378, 379, 380, 384, 385, 387, 388, 390, 391, 392, 394, 395, 396, 398, 399, 400, 402], "excluded_lines": []}, "HTTPAnalyzer.describe_output": {"executed_lines": [], "summary": {"covered_lines": 0, "num_statements": 31, "percent_covered": 0.0, "percent_covered_display": "0", "missing_lines": 31, "excluded_lines": 0, "percent_statements_covered": 0.0, "percent_statements_covered_display": "0"}, "missing_lines": [420, 423, 429, 430, 431, 433, 436, 437, 445, 447, 450, 460, 470, 471, 472, 473, 474, 475, 476, 478, 487, 488, 489, 490, 498, 499, 509, 510, 520, 521, 530], "excluded_lines": []}, "HTTPAnalyzer.to_dict": {"executed_lines": [], "summary": {"covered_lines": 0, "num_statements": 1, "percent_covered": 0.0, "percent_covered_display": "0", "missing_lines": 1, "excluded_lines": 0, "percent_statements_covered": 0.0, "percent_statements_covered_display": "0"}, "missing_lines": [542], "excluded_lines": []}, "": {"executed_lines": [1, 8, 9, 10, 11, 13, 14, 16, 22, 23, 25, 33, 34, 36, 37, 40, 41, 52, 53, 54, 56, 57, 58, 59, 60, 61, 62, 65, 66, 67, 69, 70, 71, 72, 73, 74, 75, 78, 79, 80, 82, 83, 84, 85, 88, 89, 90, 92, 93, 94, 95, 96, 97, 105, 106, 107, 124, 125, 126, 127, 128, 129, 130, 136, 178, 295, 334, 408, 532], "summary": {"covered_lines": 62, "num_statements": 62, "percent_covered": 100.0, "percent_covered_display": "100", "missing_lines": 0, "excluded_lines": 0, "percent_statements_covered": 100.0, "percent_statements_covered_display": "100"}, "missing_lines": [], "excluded_lines": []}}, "classes": {"HTTPConfig": {"executed_lines": [], "summary": {"covered_lines": 0, "num_statements": 0, "percent_covered": 100.0, "percent_covered_display": "100", "missing_lines": 0, "excluded_lines": 0, "percent_statements_covered": 100.0, "percent_statements_covered_display": "100"}, "missing_lines": [], "excluded_lines": []}, "HTTPResponse": {"executed_lines": [], "summary": {"covered_lines": 0, "num_statements": 0, "percent_covered": 100.0, "percent_covered_display": "100", "missing_lines": 0, "excluded_lines": 0, "percent_statements_covered": 100.0, "percent_statements_covered_display": "100"}, "missing_lines": [], "excluded_lines": []}, "PathCheckResult": {"executed_lines": [], "summary": {"covered_lines": 0, "num_statements": 0, "percent_covered": 100.0, "percent_covered_display": "100", "missing_lines": 0, "excluded_lines": 0, "percent_statements_covered": 100.0, "percent_statements_covered_display": "100"}, "missing_lines": [], "excluded_lines": []}, "RedirectChain": {"executed_lines": [], "summary": {"covered_lines": 0, "num_statements": 0, "percent_covered": 100.0, "percent_covered_display": "100", "missing_lines": 0, "excluded_lines": 0, "percent_statements_covered": 100.0, "percent_statements_covered_display": "100"}, "missing_lines": [], "excluded_lines": []}, "HTTPAnalysisResult": {"executed_lines": [], "summary": {"covered_lines": 0, "num_statements": 0, "percent_covered": 100.0, "percent_covered_display": "100", "missing_lines": 0, "excluded_lines": 0, "percent_statements_covered": 100.0, "percent_statements_covered_display": "100"}, "missing_lines": [], "excluded_lines": []}, "HTTPAnalyzer": {"executed_lines": [], "summary": {"covered_lines": 0, "num_statements": 142, "percent_covered": 0.0, "percent_covered_display": "0", "missing_lines": 142, "excluded_lines": 0, "percent_statements_covered": 0.0, "percent_statements_covered_display": "0"}, "missing_lines": [147, 148, 151, 154, 160, 161, 168, 169, 170, 171, 174, 176, 189, 190, 191, 192, 194, 195, 197, 202, 203, 207, 210, 219, 220, 221, 223, 224, 225, 227, 228, 230, 231, 232, 237, 238, 239, 242, 243, 244, 246, 248, 251, 252, 256, 263, 264, 266, 267, 268, 274, 275, 277, 278, 279, 285, 286, 289, 290, 292, 293, 297, 298, 299, 301, 304, 305, 308, 309, 310, 314, 315, 318, 319, 322, 323, 328, 329, 330, 347, 348, 351, 353, 355, 357, 358, 359, 364, 369, 370, 373, 374, 375, 378, 379, 380, 384, 385, 387, 388, 390, 391, 392, 394, 395, 396, 398, 399, 400, 402, 420, 423, 429, 430, 431, 433, 436, 437, 445, 447, 450, 460, 470, 471, 472, 473, 474, 475, 476, 478, 487, 488, 489, 490, 498, 499, 509, 510, 520, 521, 530, 542], "excluded_lines": []}, "": {"executed_lines": [1, 8, 9, 10, 11, 13, 14, 16, 22, 23, 25, 33, 34, 36, 37, 40, 41, 52, 53, 54, 56, 57, 58, 59, 60, 61, 62, 65, 66, 67, 69, 70, 71, 72, 73, 74, 75, 78, 79, 80, 82, 83, 84, 85, 88, 89, 90, 92, 93, 94, 95, 96, 97, 105, 106, 107, 124, 125, 126, 127, 128, 129, 130, 136, 178, 295, 334, 408, 532], "summary": {"covered_lines": 62, "num_statements": 62, "percent_covered": 100.0, "percent_covered_display": "100", "missing_lines": 0, "excluded_lines": 0, "percent_statements_covered": 100.0, "percent_statements_covered_display": "100"}, "missing_lines": [], "excluded_lines": []}}}, "src/webmaster_domain_tool/analyzers/http_utils.py": {"executed_lines": [], "summary": {"covered_lines": 0, "num_statements": 37, "percent_covered": 0.0, "percent_covered_display": "0", "missing_lines": 37, "excluded_lines": 0, "percent_statements_covered": 0.0, "percent_statements_covered_display": "0"}, "missing_lines": [3, 4, 6, 8, 11, 12, 19, 20, 21, 22, 25, 60, 61, 62, 63, 65, 66, 71, 72, 73, 75, 76, 82, 83, 90, 92, 93, 95, 96, 102, 108, 109, 116, 147, 155, 156, 158], "excluded_lines": [], "functions": {"safe_http_get": {"executed_lines": [], "summary": {"covered_lines": 0, "num_statements": 21, "percent_covered": 0.0, "percent_covered_display": "0", "missing_lines": 21, "excluded_lines": 0, "percent_statements_covered": 0.0, "percent_statements_covered_display": "0"}, "missing_lines": [60, 61, 62, 63, 65, 66, 71, 72, 73, 75, 76, 82, 83, 90, 92, 93, 95, 96, 102, 108, 109], "excluded_lines": []}, "safe_http_get_content": {"executed_lines": [], "summary": {"covered_lines": 0, "num_statements": 4, "percent_covered": 0.0, "percent_covered_display": "0", "missing_lines": 4, "excluded_lines": 0, "percent_statements_covered": 0.0, "percent_statements_covered_display": "0"}, "missing_lines": [147, 155, 156, 158], "excluded_lines": []}, "": {"executed_lines": [], "summary": {"covered_lines": 0, "num_statements": 12, "percent_covered": 0.0, "percent_covered_display": "0", "missing_lines": 12, "excluded_lines": 0, "percent_statements_covered": 0.0, "percent_statements_covered_display": "0"}, "missing_lines": [3, 4, 6, 8, 11, 12, 19, 20, 21, 22, 25, 116], "excluded_lines": []}}, "classes": {"HTTPResult": {"executed_lines": [], "summary": {"covered_lines": 0, "num_statements": 0, "percent_covered": 100.0, "percent_covered_display": "100", "missing_lines": 0, "excluded_lines": 0, "percent_statements_covered": 100.0, "percent_statements_covered_display": "100"}, "missing_lines": [], "excluded_lines": []}, "": {"executed_lines": [], "summary": {"covered_lines": 0, "num_statements": 37, "percent_covered": 0.0, "percent_covered_display": "0", "missing_lines": 37, "excluded_lines": 0, "percent_statements_covered": 0.0, "percent_statements_covered_display": "0"}, "missing_lines": [3, 4, 6, 8, 11, 12, 19, 20, 21, 22, 25, 60, 61, 62, 63, 65, 66, 71, 72, 73, 75, 76, 82, 83, 90, 92, 93, 95, 96, 102, 108, 109, 116, 147, 155, 156, 158], "excluded_lines": []}}}, "src/webmaster_domain_tool/analyzers/protocol.py": {"executed_lines": [1, 7, 8, 9, 10, 11, 13, 16, 17, 19, 20, 21, 22, 24, 26, 28, 34, 36, 49, 50, 51, 68, 69, 72, 73, 76, 77, 78, 81, 84, 85, 86, 89, 92, 93, 96, 97, 98, 101, 104, 105, 106, 113, 116, 117, 120, 122, 134, 135, 137, 147, 150, 151, 162, 163, 165, 166, 169, 170, 173, 174, 175, 200, 201, 202, 203, 204, 205, 206, 208, 209, 222, 223, 235, 236], "summary": {"covered_lines": 69, "num_statements": 74, "percent_covered": 93.24324324324324, "percent_covered_display": "93", "missing_lines": 5, "excluded_lines": 7, "percent_statements_covered": 93.24324324324324, "percent_statements_covered_display": "93"}, "missing_lines": [27, 38, 39, 40, 46], "excluded_lines": [175, 220, 221, 233, 234, 246, 247], "functions": {"VerbosityLevel.__ge__": {"executed_lines": [26, 28, 34], "summary": {"covered_lines": 3, "num_statements": 4, "percent_covered": 75.0, "percent_covered_display": "75", "missing_lines": 1, "excluded_lines": 0, "percent_statements_covered": 75.0, "percent_statements_covered_display": "75"}, "missing_lines": [27], "excluded_lines": []}, "VerbosityLevel.__gt__": {"executed_lines": [], "summary": {"covered_lines": 0, "num_statements": 4, "percent_covered": 0.0, "percent_covered_display": "0", "missing_lines": 4, "excluded_lines": 0, "percent_statements_covered": 0.0, "percent_statements_covered_display": "0"}, "missing_lines": [38, 39, 40, 46], "excluded_lines": []}, "OutputDescriptor.add_row": {"executed_lines": [134, 135], "summary": {"covered_lines": 2, "num_statements": 2, "percent_covered": 100.0, "percent_covered_display": "100", "missing_lines": 0, "excluded_lines": 0, "percent_statements_covered": 100.0, "percent_statements_covered_display": "100"}, "missing_lines": [], "excluded_lines": []}, "OutputDescriptor.filter_by_verbosity": {"executed_lines": [147], "summary": {"covered_lines": 1, "num_statements": 1, "percent_covered": 100.0, "percent_covered_display": "100", "missing_lines": 0, "excluded_lines": 0, "percent_statements_covered": 100.0, "percent_statements_covered_display": "100"}, "missing_lines": [], "excluded_lines": []}, "AnalyzerPlugin.analyze": {"executed_lines": [], "summary": {"covered_lines": 0, "num_statements": 0, "percent_covered": 100.0, "percent_covered_display": "100", "missing_lines": 0, "excluded_lines": 1, "percent_statements_covered": 100.0, "percent_statements_covered_display": "100"}, "missing_lines": [], "excluded_lines": [220]}, "AnalyzerPlugin.describe_output": {"executed_lines": [], "summary": {"covered_lines": 0, "num_statements": 0, "percent_covered": 100.0, "percent_covered_display": "100", "missing_lines": 0, "excluded_lines": 1, "percent_statements_covered": 100.0, "percent_statements_covered_display": "100"}, "missing_lines": [], "excluded_lines": [233]}, "AnalyzerPlugin.to_dict": {"executed_lines": [], "summary": {"covered_lines": 0, "num_statements": 0, "percent_covered": 100.0, "percent_covered_display": "100", "missing_lines": 0, "excluded_lines": 1, "percent_statements_covered": 100.0, "percent_statements_covered_display": "100"}, "missing_lines": [], "excluded_lines": [246]}, "": {"executed_lines": [1, 7, 8, 9, 10, 11, 13, 16, 17, 19, 20, 21, 22, 24, 36, 49, 50, 51, 68, 69, 72, 73, 76, 77, 78, 81, 84, 85, 86, 89, 92, 93, 96, 97, 98, 101, 104, 105, 106, 113, 116, 117, 120, 122, 137, 150, 151, 162, 163, 165, 166, 169, 170, 173, 174, 175, 200, 201, 202, 203, 204, 205, 206, 208, 209, 222, 223, 235, 236], "summary": {"covered_lines": 63, "num_statements": 63, "percent_covered": 100.0, "percent_covered_display": "100", "missing_lines": 0, "excluded_lines": 3, "percent_statements_covered": 100.0, "percent_statements_covered_display": "100"}, "missing_lines": [], "excluded_lines": [175, 221, 234]}}, "classes": {"VerbosityLevel": {"executed_lines": [26, 28, 34], "summary": {"covered_lines": 3, "num_statements": 8, "percent_covered": 37.5, "percent_covered_display": "38", "missing_lines": 5, "excluded_lines": 0, "percent_statements_covered": 37.5, "percent_statements_covered_display": "38"}, "missing_lines": [27, 38, 39, 40, 46], "excluded_lines": []}, "OutputRow": {"executed_lines": [], "summary": {"covered_lines": 0, "num_statements": 0, "percent_covered": 100.0, "percent_covered_display": "100", "missing_lines": 0, "excluded_lines": 0, "percent_statements_covered": 100.0, "percent_statements_covered_display": "100"}, "missing_lines": [], "excluded_lines": []}, "OutputDescriptor": {"executed_lines": [134, 135, 147], "summary": {"covered_lines": 3, "num_statements": 3, "percent_covered": 100.0, "percent_covered_display": "100", "missing_lines": 0, "excluded_lines": 0, "percent_statements_covered": 100.0, "percent_statements_covered_display": "100"}, "missing_lines": [], "excluded_lines": []}, "AnalyzerConfig": {"executed_lines": [], "summary": {"covered_lines": 0, "num_statements": 0, "percent_covered": 100.0, "percent_covered_display": "100", "missing_lines": 0, "excluded_lines": 0, "percent_statements_covered": 100.0, "percent_statements_covered_display": "100"}, "missing_lines": [], "excluded_lines": []}, "AnalyzerConfig.Config": {"executed_lines": [], "summary": {"covered_lines": 0, "num_statements": 0, "percent_covered": 100.0, "percent_covered_display": "100", "missing_lines": 0, "excluded_lines": 0, "percent_statements_covered": 100.0, "percent_statements_covered_display": "100"}, "missing_lines": [], "excluded_lines": []}, "AnalyzerPlugin": {"executed_lines": [], "summary": {"covered_lines": 0, "num_statements": 0, "percent_covered": 100.0, "percent_covered_display": "100", "missing_lines": 0, "excluded_lines": 3, "percent_statements_covered": 100.0, "percent_statements_covered_display": "100"}, "missing_lines": [], "excluded_lines": [220, 233, 246]}, "": {"executed_lines": [1, 7, 8, 9, 10, 11, 13, 16, 17, 19, 20, 21, 22, 24, 36, 49, 50, 51, 68, 69, 72, 73, 76, 77, 78, 81, 84, 85, 86, 89, 92, 93, 96, 97, 98, 101, 104, 105, 106, 113, 116, 117, 120, 122, 137, 150, 151, 162, 163, 165, 166, 169, 170, 173, 174, 175, 200, 201, 202, 203, 204, 205, 206, 208, 209, 222, 223, 235, 236], "summary": {"covered_lines": 63, "num_statements": 63, "percent_covered": 100.0, "percent_covered_display": "100", "missing_lines": 0, "excluded_lines": 3, "percent_statements_covered": 100.0, "percent_statements_covered_display": "100"}, "missing_lines": [], "excluded_lines": [175, 221, 234]}}}, "src/webmaster_domain_tool/analyzers/rbl_checker.py": {"executed_lines": [1, 8, 9, 10, 12, 13, 14, 16, 17, 18, 19, 21, 24, 32, 33, 35, 39, 50, 51, 52, 54, 55, 56, 57, 58, 61, 62, 63, 65, 66, 67, 68, 69, 77, 78, 79, 96, 97, 98, 99, 100, 101, 102, 108, 131, 166, 272, 303, 353, 385], "summary": {"covered_lines": 44, "num_statements": 131, "percent_covered": 33.587786259541986, "percent_covered_display": "34", "missing_lines": 87, "excluded_lines": 2, "percent_statements_covered": 33.587786259541986, "percent_statements_covered_display": "34"}, "missing_lines": [123, 127, 129, 146, 149, 151, 152, 153, 155, 156, 157, 162, 164, 178, 181, 186, 187, 196, 206, 207, 209, 219, 228, 238, 239, 249, 250, 260, 261, 270, 282, 317, 320, 321, 322, 323, 326, 327, 329, 331, 332, 333, 334, 335, 336, 338, 339, 340, 342, 343, 344, 345, 346, 347, 348, 349, 351, 363, 365, 366, 368, 369, 370, 371, 372, 375, 376, 377, 398, 401, 402, 403, 404, 408, 409, 410, 411, 412, 413, 414, 415, 418, 419, 420, 421, 422, 424], "excluded_lines": [21, 22], "functions": {"RBLChecker.analyze": {"executed_lines": [], "summary": {"covered_lines": 0, "num_statements": 3, "percent_covered": 0.0, "percent_covered_display": "0", "missing_lines": 3, "excluded_lines": 0, "percent_statements_covered": 0.0, "percent_statements_covered_display": "0"}, "missing_lines": [123, 127, 129], "excluded_lines": []}, "RBLChecker.check_ips": {"executed_lines": [], "summary": {"covered_lines": 0, "num_statements": 10, "percent_covered": 0.0, "percent_covered_display": "0", "missing_lines": 10, "excluded_lines": 0, "percent_statements_covered": 0.0, "percent_statements_covered_display": "0"}, "missing_lines": [146, 149, 151, 152, 153, 155, 156, 157, 162, 164], "excluded_lines": []}, "RBLChecker.describe_output": {"executed_lines": [], "summary": {"covered_lines": 0, "num_statements": 17, "percent_covered": 0.0, "percent_covered_display": "0", "missing_lines": 17, "excluded_lines": 0, "percent_statements_covered": 0.0, "percent_statements_covered_display": "0"}, "missing_lines": [178, 181, 186, 187, 196, 206, 207, 209, 219, 228, 238, 239, 249, 250, 260, 261, 270], "excluded_lines": []}, "RBLChecker.to_dict": {"executed_lines": [], "summary": {"covered_lines": 0, "num_statements": 1, "percent_covered": 0.0, "percent_covered_display": "0", "missing_lines": 1, "excluded_lines": 0, "percent_statements_covered": 0.0, "percent_statements_covered_display": "0"}, "missing_lines": [282], "excluded_lines": []}, "RBLChecker._check_ip": {"executed_lines": [], "summary": {"covered_lines": 0, "num_statements": 26, "percent_covered": 0.0, "percent_covered_display": "0", "missing_lines": 26, "excluded_lines": 0, "percent_statements_covered": 0.0, "percent_statements_covered_display": "0"}, "missing_lines": [317, 320, 321, 322, 323, 326, 327, 329, 331, 332, 333, 334, 335, 336, 338, 339, 340, 342, 343, 344, 345, 346, 347, 348, 349, 351], "excluded_lines": []}, "RBLChecker._reverse_ip": {"executed_lines": [], "summary": {"covered_lines": 0, "num_statements": 11, "percent_covered": 0.0, "percent_covered_display": "0", "missing_lines": 11, "excluded_lines": 0, "percent_statements_covered": 0.0, "percent_statements_covered_display": "0"}, "missing_lines": [363, 365, 366, 368, 369, 370, 371, 372, 375, 376, 377], "excluded_lines": []}, "extract_ips_from_dns_result": {"executed_lines": [], "summary": {"covered_lines": 0, "num_statements": 19, "percent_covered": 0.0, "percent_covered_display": "0", "missing_lines": 19, "excluded_lines": 0, "percent_statements_covered": 0.0, "percent_statements_covered_display": "0"}, "missing_lines": [398, 401, 402, 403, 404, 408, 409, 410, 411, 412, 413, 414, 415, 418, 419, 420, 421, 422, 424], "excluded_lines": []}, "": {"executed_lines": [1, 8, 9, 10, 12, 13, 14, 16, 17, 18, 19, 21, 24, 32, 33, 35, 39, 50, 51, 52, 54, 55, 56, 57, 58, 61, 62, 63, 65, 66, 67, 68, 69, 77, 78, 79, 96, 97, 98, 99, 100, 101, 102, 108, 131, 166, 272, 303, 353, 385], "summary": {"covered_lines": 44, "num_statements": 44, "percent_covered": 100.0, "percent_covered_display": "100", "missing_lines": 0, "excluded_lines": 2, "percent_statements_covered": 100.0, "percent_statements_covered_display": "100"}, "missing_lines": [], "excluded_lines": [21, 22]}}, "classes": {"RBLConfig": {"executed_lines": [], "summary": {"covered_lines": 0, "num_statements": 0, "percent_covered": 100.0, "percent_covered_display": "100", "missing_lines": 0, "excluded_lines": 0, "percent_statements_covered": 100.0, "percent_statements_covered_display": "100"}, "missing_lines": [], "excluded_lines": []}, "RBLCheckResult": {"executed_lines": [], "summary": {"covered_lines": 0, "num_statements": 0, "percent_covered": 100.0, "percent_covered_display": "100", "missing_lines": 0, "excluded_lines": 0, "percent_statements_covered": 100.0, "percent_statements_covered_display": "100"}, "missing_lines": [], "excluded_lines": []}, "RBLAnalysisResult": {"executed_lines": [], "summary": {"covered_lines": 0, "num_statements": 0, "percent_covered": 100.0, "percent_covered_display": "100", "missing_lines": 0, "excluded_lines": 0, "percent_statements_covered": 100.0, "percent_statements_covered_display": "100"}, "missing_lines": [], "excluded_lines": []}, "RBLChecker": {"executed_lines": [], "summary": {"covered_lines": 0, "num_statements": 68, "percent_covered": 0.0, "percent_covered_display": "0", "missing_lines": 68, "excluded_lines": 0, "percent_statements_covered": 0.0, "percent_statements_covered_display": "0"}, "missing_lines": [123, 127, 129, 146, 149, 151, 152, 153, 155, 156, 157, 162, 164, 178, 181, 186, 187, 196, 206, 207, 209, 219, 228, 238, 239, 249, 250, 260, 261, 270, 282, 317, 320, 321, 322, 323, 326, 327, 329, 331, 332, 333, 334, 335, 336, 338, 339, 340, 342, 343, 344, 345, 346, 347, 348, 349, 351, 363, 365, 366, 368, 369, 370, 371, 372, 375, 376, 377], "excluded_lines": []}, "": {"executed_lines": [1, 8, 9, 10, 12, 13, 14, 16, 17, 18, 19, 21, 24, 32, 33, 35, 39, 50, 51, 52, 54, 55, 56, 57, 58, 61, 62, 63, 65, 66, 67, 68, 69, 77, 78, 79, 96, 97, 98, 99, 100, 101, 102, 108, 131, 166, 272, 303, 353, 385], "summary": {"covered_lines": 44, "num_statements": 63, "percent_covered": 69.84126984126983, "percent_covered_display": "70", "missing_lines": 19, "excluded_lines": 2, "percent_statements_covered": 69.84126984126983, "percent_statements_covered_display": "70"}, "missing_lines": [398, 401, 402, 403, 404, 408, 409, 410, 411, 412, 413, 414, 415, 418, 419, 420, 421, 422, 424], "excluded_lines": [21, 22]}}}, "src/webmaster_domain_tool/analyzers/security_headers.py": {"executed_lines": [1, 7, 8, 9, 11, 13, 14, 16, 24, 25, 27, 28, 29, 30, 33, 34, 37, 38, 39, 47, 48, 49, 51, 52, 53, 54, 55, 56, 57, 60, 61, 62, 64, 65, 66, 67, 68, 69, 77, 78, 79, 96, 97, 98, 99, 100, 101, 102, 109, 176, 193, 194, 195, 197, 211, 213, 214, 215, 218, 221, 233, 234, 237, 239, 240, 244, 245, 251, 275, 280, 283, 284, 287, 290, 291, 299, 301, 412, 446, 482, 509, 526, 537, 569, 577, 592], "summary": {"covered_lines": 81, "num_statements": 208, "percent_covered": 38.94230769230769, "percent_covered_display": "39", "missing_lines": 127, "excluded_lines": 0, "percent_statements_covered": 38.94230769230769, "percent_statements_covered_display": "39"}, "missing_lines": [241, 242, 252, 255, 256, 257, 258, 259, 260, 261, 262, 263, 264, 265, 266, 267, 268, 269, 270, 273, 294, 295, 313, 316, 319, 322, 324, 334, 336, 337, 346, 347, 349, 350, 352, 362, 363, 370, 380, 381, 389, 390, 400, 401, 410, 422, 448, 449, 451, 452, 455, 456, 457, 458, 460, 461, 464, 465, 466, 467, 469, 470, 473, 474, 477, 478, 480, 484, 485, 487, 488, 491, 492, 493, 495, 496, 497, 500, 501, 504, 505, 507, 511, 512, 514, 515, 516, 517, 518, 521, 523, 524, 528, 529, 531, 532, 534, 535, 539, 540, 542, 553, 554, 555, 556, 559, 560, 561, 564, 566, 567, 571, 572, 575, 579, 580, 583, 584, 586, 590, 594, 595, 597, 600, 601, 602, 604], "excluded_lines": [], "functions": {"SecurityHeadersAnalyzer.analyze": {"executed_lines": [193, 194, 195], "summary": {"covered_lines": 3, "num_statements": 3, "percent_covered": 100.0, "percent_covered_display": "100", "missing_lines": 0, "excluded_lines": 0, "percent_statements_covered": 100.0, "percent_statements_covered_display": "100"}, "missing_lines": [], "excluded_lines": []}, "SecurityHeadersAnalyzer.analyze_headers": {"executed_lines": [211, 213, 214, 215, 218, 221, 233, 234, 237, 239, 240, 244, 245, 251, 275, 280, 283, 284, 287, 290, 291, 299], "summary": {"covered_lines": 22, "num_statements": 44, "percent_covered": 50.0, "percent_covered_display": "50", "missing_lines": 22, "excluded_lines": 0, "percent_statements_covered": 50.0, "percent_statements_covered_display": "50"}, "missing_lines": [241, 242, 252, 255, 256, 257, 258, 259, 260, 261, 262, 263, 264, 265, 266, 267, 268, 269, 270, 273, 294, 295], "excluded_lines": []}, "SecurityHeadersAnalyzer.describe_output": {"executed_lines": [], "summary": {"covered_lines": 0, "num_statements": 23, "percent_covered": 0.0, "percent_covered_display": "0", "missing_lines": 23, "excluded_lines": 0, "percent_statements_covered": 0.0, "percent_statements_covered_display": "0"}, "missing_lines": [313, 316, 319, 322, 324, 334, 336, 337, 346, 347, 349, 350, 352, 362, 363, 370, 380, 381, 389, 390, 400, 401, 410], "excluded_lines": []}, "SecurityHeadersAnalyzer.to_dict": {"executed_lines": [], "summary": {"covered_lines": 0, "num_statements": 1, "percent_covered": 0.0, "percent_covered_display": "0", "missing_lines": 1, "excluded_lines": 0, "percent_statements_covered": 0.0, "percent_statements_covered_display": "0"}, "missing_lines": [422], "excluded_lines": []}, "SecurityHeadersAnalyzer._validate_hsts": {"executed_lines": [], "summary": {"covered_lines": 0, "num_statements": 21, "percent_covered": 0.0, "percent_covered_display": "0", "missing_lines": 21, "excluded_lines": 0, "percent_statements_covered": 0.0, "percent_statements_covered_display": "0"}, "missing_lines": [448, 449, 451, 452, 455, 456, 457, 458, 460, 461, 464, 465, 466, 467, 469, 470, 473, 474, 477, 478, 480], "excluded_lines": []}, "SecurityHeadersAnalyzer._validate_csp": {"executed_lines": [], "summary": {"covered_lines": 0, "num_statements": 15, "percent_covered": 0.0, "percent_covered_display": "0", "missing_lines": 15, "excluded_lines": 0, "percent_statements_covered": 0.0, "percent_statements_covered_display": "0"}, "missing_lines": [484, 485, 487, 488, 491, 492, 493, 495, 496, 497, 500, 501, 504, 505, 507], "excluded_lines": []}, "SecurityHeadersAnalyzer._validate_x_frame_options": {"executed_lines": [], "summary": {"covered_lines": 0, "num_statements": 10, "percent_covered": 0.0, "percent_covered_display": "0", "missing_lines": 10, "excluded_lines": 0, "percent_statements_covered": 0.0, "percent_statements_covered_display": "0"}, "missing_lines": [511, 512, 514, 515, 516, 517, 518, 521, 523, 524], "excluded_lines": []}, "SecurityHeadersAnalyzer._validate_x_content_type_options": {"executed_lines": [], "summary": {"covered_lines": 0, "num_statements": 6, "percent_covered": 0.0, "percent_covered_display": "0", "missing_lines": 6, "excluded_lines": 0, "percent_statements_covered": 0.0, "percent_statements_covered_display": "0"}, "missing_lines": [528, 529, 531, 532, 534, 535], "excluded_lines": []}, "SecurityHeadersAnalyzer._validate_referrer_policy": {"executed_lines": [], "summary": {"covered_lines": 0, "num_statements": 13, "percent_covered": 0.0, "percent_covered_display": "0", "missing_lines": 13, "excluded_lines": 0, "percent_statements_covered": 0.0, "percent_statements_covered_display": "0"}, "missing_lines": [539, 540, 542, 553, 554, 555, 556, 559, 560, 561, 564, 566, 567], "excluded_lines": []}, "SecurityHeadersAnalyzer._validate_permissions_policy": {"executed_lines": [], "summary": {"covered_lines": 0, "num_statements": 3, "percent_covered": 0.0, "percent_covered_display": "0", "missing_lines": 3, "excluded_lines": 0, "percent_statements_covered": 0.0, "percent_statements_covered_display": "0"}, "missing_lines": [571, 572, 575], "excluded_lines": []}, "SecurityHeadersAnalyzer._validate_x_xss_protection": {"executed_lines": [], "summary": {"covered_lines": 0, "num_statements": 6, "percent_covered": 0.0, "percent_covered_display": "0", "missing_lines": 6, "excluded_lines": 0, "percent_statements_covered": 0.0, "percent_statements_covered_display": "0"}, "missing_lines": [579, 580, 583, 584, 586, 590], "excluded_lines": []}, "SecurityHeadersAnalyzer._validate_content_type": {"executed_lines": [], "summary": {"covered_lines": 0, "num_statements": 7, "percent_covered": 0.0, "percent_covered_display": "0", "missing_lines": 7, "excluded_lines": 0, "percent_statements_covered": 0.0, "percent_statements_covered_display": "0"}, "missing_lines": [594, 595, 597, 600, 601, 602, 604], "excluded_lines": []}, "": {"executed_lines": [1, 7, 8, 9, 11, 13, 14, 16, 24, 25, 27, 28, 29, 30, 33, 34, 37, 38, 39, 47, 48, 49, 51, 52, 53, 54, 55, 56, 57, 60, 61, 62, 64, 65, 66, 67, 68, 69, 77, 78, 79, 96, 97, 98, 99, 100, 101, 102, 109, 176, 197, 301, 412, 446, 482, 509, 526, 537, 569, 577, 592], "summary": {"covered_lines": 56, "num_statements": 56, "percent_covered": 100.0, "percent_covered_display": "100", "missing_lines": 0, "excluded_lines": 0, "percent_statements_covered": 100.0, "percent_statements_covered_display": "100"}, "missing_lines": [], "excluded_lines": []}}, "classes": {"SecurityHeadersConfig": {"executed_lines": [], "summary": {"covered_lines": 0, "num_statements": 0, "percent_covered": 100.0, "percent_covered_display": "100", "missing_lines": 0, "excluded_lines": 0, "percent_statements_covered": 100.0, "percent_statements_covered_display": "100"}, "missing_lines": [], "excluded_lines": []}, "SecurityHeaderCheck": {"executed_lines": [], "summary": {"covered_lines": 0, "num_statements": 0, "percent_covered": 100.0, "percent_covered_display": "100", "missing_lines": 0, "excluded_lines": 0, "percent_statements_covered": 100.0, "percent_statements_covered_display": "100"}, "missing_lines": [], "excluded_lines": []}, "SecurityHeadersResult": {"executed_lines": [], "summary": {"covered_lines": 0, "num_statements": 0, "percent_covered": 100.0, "percent_covered_display": "100", "missing_lines": 0, "excluded_lines": 0, "percent_statements_covered": 100.0, "percent_statements_covered_display": "100"}, "missing_lines": [], "excluded_lines": []}, "SecurityHeadersAnalyzer": {"executed_lines": [193, 194, 195, 211, 213, 214, 215, 218, 221, 233, 234, 237, 239, 240, 244, 245, 251, 275, 280, 283, 284, 287, 290, 291, 299], "summary": {"covered_lines": 25, "num_statements": 152, "percent_covered": 16.44736842105263, "percent_covered_display": "16", "missing_lines": 127, "excluded_lines": 0, "percent_statements_covered": 16.44736842105263, "percent_statements_covered_display": "16"}, "missing_lines": [241, 242, 252, 255, 256, 257, 258, 259, 260, 261, 262, 263,
[...]
xcluded_lines": [9, 10]}}, "classes": {"FletConfigProfileManager": {"executed_lines": [30, 31, 41, 42, 43, 44, 45, 49, 62, 63, 66, 67, 70, 71, 74, 75, 76, 77, 79, 95, 98, 99, 102, 103, 106, 107, 108, 109, 110, 111, 126, 128, 129, 132, 135, 136, 137, 138, 140, 152, 153, 162, 163, 166, 167, 168, 177, 178, 187, 188, 189, 190, 192, 193], "summary": {"covered_lines": 54, "num_statements": 60, "percent_covered": 90.0, "percent_covered_display": "90", "missing_lines": 6, "excluded_lines": 0, "percent_statements_covered": 90.0, "percent_statements_covered_display": "90"}, "missing_lines": [46, 47, 48, 104, 113, 114], "excluded_lines": []}, "": {"executed_lines": [1, 3, 4, 5, 7, 9, 12, 15, 16, 19, 20, 21, 23, 33, 51, 81, 116, 142, 155, 170, 180], "summary": {"covered_lines": 18, "num_statements": 18, "percent_covered": 100.0, "percent_covered_display": "100", "missing_lines": 0, "excluded_lines": 2, "percent_statements_covered": 100.0, "percent_statements_covered_display": "100"}, "missing_lines": [], "excluded_lines": [9, 10]}}}, "src/webmaster_domain_tool/gui_config_adapter.py": {"executed_lines": [1, 7, 8, 10, 11, 13, 16, 17, 37, 39, 41, 42, 43, 45, 52, 54, 55, 57, 59, 67, 68, 69, 75, 76, 77, 78, 79, 86, 88, 98, 100, 108, 110, 111], "summary": {"covered_lines": 32, "num_statements": 41, "percent_covered": 78.04878048780488, "percent_covered_display": "78", "missing_lines": 9, "excluded_lines": 0, "percent_statements_covered": 78.04878048780488, "percent_statements_covered_display": "78"}, "missing_lines": [70, 71, 72, 80, 81, 83, 121, 122, 123], "excluded_lines": [], "functions": {"GUIConfigAdapter.__init__": {"executed_lines": [39, 41, 42, 43], "summary": {"covered_lines": 4, "num_statements": 4, "percent_covered": 100.0, "percent_covered_display": "100", "missing_lines": 0, "excluded_lines": 0, "percent_statements_covered": 100.0, "percent_statements_covered_display": "100"}, "missing_lines": [], "excluded_lines": []}, "GUIConfigAdapter.to_dict": {"executed_lines": [52, 54, 55, 57], "summary": {"covered_lines": 4, "num_statements": 4, "percent_covered": 100.0, "percent_covered_display": "100", "missing_lines": 0, "excluded_lines": 0, "percent_statements_covered": 100.0, "percent_statements_covered_display": "100"}, "missing_lines": [], "excluded_lines": []}, "GUIConfigAdapter.from_dict": {"executed_lines": [67, 68, 69, 75, 76, 77, 78, 79, 86], "summary": {"covered_lines": 9, "num_statements": 15, "percent_covered": 60.0, "percent_covered_display": "60", "missing_lines": 6, "excluded_lines": 0, "percent_statements_covered": 60.0, "percent_statements_covered_display": "60"}, "missing_lines": [70, 71, 72, 80, 81, 83], "excluded_lines": []}, "GUIConfigAdapter.get_analyzer_config": {"executed_lines": [98], "summary": {"covered_lines": 1, "num_statements": 1, "percent_covered": 100.0, "percent_covered_display": "100", "missing_lines": 0, "excluded_lines": 0, "percent_statements_covered": 100.0, "percent_statements_covered_display": "100"}, "missing_lines": [], "excluded_lines": []}, "GUIConfigAdapter.set_analyzer_config": {"executed_lines": [108], "summary": {"covered_lines": 1, "num_statements": 1, "percent_covered": 100.0, "percent_covered_display": "100", "missing_lines": 0, "excluded_lines": 0, "percent_statements_covered": 100.0, "percent_statements_covered_display": "100"}, "missing_lines": [], "excluded_lines": []}, "GUIConfigAdapter.from_config_manager": {"executed_lines": [], "summary": {"covered_lines": 0, "num_statements": 3, "percent_covered": 0.0, "percent_covered_display": "0", "missing_lines": 3, "excluded_lines": 0, "percent_statements_covered": 0.0, "percent_statements_covered_display": "0"}, "missing_lines": [121, 122, 123], "excluded_lines": []}, "": {"executed_lines": [1, 7, 8, 10, 11, 13, 16, 17, 37, 45, 59, 88, 100, 110, 111], "summary": {"covered_lines": 13, "num_statements": 13, "percent_covered": 100.0, "percent_covered_display": "100", "missing_lines": 0, "excluded_lines": 0, "percent_statements_covered": 100.0, "percent_statements_covered_display": "100"}, "missing_lines": [], "excluded_lines": []}}, "classes": {"GUIConfigAdapter": {"executed_lines": [39, 41, 42, 43, 52, 54, 55, 57, 67, 68, 69, 75, 76, 77, 78, 79, 86, 98, 108], "summary": {"covered_lines": 19, "num_statements": 28, "percent_covered": 67.85714285714286, "percent_covered_display": "68", "missing_lines": 9, "excluded_lines": 0, "percent_statements_covered": 67.85714285714286, "percent_statements_covered_display": "68"}, "missing_lines": [70, 71, 72, 80, 81, 83, 121, 122, 123], "excluded_lines": []}, "": {"executed_lines": [1, 7, 8, 10, 11, 13, 16, 17, 37, 45, 59, 88, 100, 110, 111], "summary": {"covered_lines": 13, "num_statements": 13, "percent_covered": 100.0, "percent_covered_display": "100", "missing_lines": 0, "excluded_lines": 0, "percent_statements_covered": 100.0, "percent_statements_covered_display": "100"}, "missing_lines": [], "excluded_lines": []}}}, "src/webmaster_domain_tool/renderers/__init__.py": {"executed_lines": [1, 8, 9, 10, 12], "summary": {"covered_lines": 4, "num_statements": 4, "percent_covered": 100.0, "percent_covered_display": "100", "missing_lines": 0, "excluded_lines": 0, "percent_statements_covered": 100.0, "percent_statements_covered_display": "100"}, "missing_lines": [], "excluded_lines": [], "functions": {"": {"executed_lines": [1, 8, 9, 10, 12], "summary": {"covered_lines": 4, "num_statements": 4, "percent_covered": 100.0, "percent_covered_display": "100", "missing_lines": 0, "excluded_lines": 0, "percent_statements_covered": 100.0, "percent_statements_covered_display": "100"}, "missing_lines": [], "excluded_lines": []}}, "classes": {"": {"executed_lines": [1, 8, 9, 10, 12], "summary": {"covered_lines": 4, "num_statements": 4, "percent_covered": 100.0, "percent_covered_display": "100", "missing_lines": 0, "excluded_lines": 0, "percent_statements_covered": 100.0, "percent_statements_covered_display": "100"}, "missing_lines": [], "excluded_lines": []}}}, "src/webmaster_domain_tool/renderers/base.py": {"executed_lines": [1, 7, 8, 10, 13, 14, 21, 28, 29, 30, 32, 33, 44, 45, 49, 57, 58, 59, 60, 61, 62, 63, 64], "summary": {"covered_lines": 21, "num_statements": 21, "percent_covered": 100.0, "percent_covered_display": "100", "missing_lines": 0, "excluded_lines": 4, "percent_statements_covered": 100.0, "percent_statements_covered_display": "100"}, "missing_lines": [], "excluded_lines": [42, 43, 47, 48], "functions": {"BaseRenderer.__init__": {"executed_lines": [28, 29, 30], "summary": {"covered_lines": 3, "num_statements": 3, "percent_covered": 100.0, "percent_covered_display": "100", "missing_lines": 0, "excluded_lines": 0, "percent_statements_covered": 100.0, "percent_statements_covered_display": "100"}, "missing_lines": [], "excluded_lines": []}, "BaseRenderer.render": {"executed_lines": [], "summary": {"covered_lines": 0, "num_statements": 0, "percent_covered": 100.0, "percent_covered_display": "100", "missing_lines": 0, "excluded_lines": 1, "percent_statements_covered": 100.0, "percent_statements_covered_display": "100"}, "missing_lines": [], "excluded_lines": [42]}, "BaseRenderer.render_summary": {"executed_lines": [], "summary": {"covered_lines": 0, "num_statements": 0, "percent_covered": 100.0, "percent_covered_display": "100", "missing_lines": 0, "excluded_lines": 1, "percent_statements_covered": 100.0, "percent_statements_covered_display": "100"}, "missing_lines": [], "excluded_lines": [47]}, "BaseRenderer.collect_errors_warnings": {"executed_lines": [57, 58, 59, 60, 61, 62, 63, 64], "summary": {"covered_lines": 8, "num_statements": 8, "percent_covered": 100.0, "percent_covered_display": "100", "missing_lines": 0, "excluded_lines": 0, "percent_statements_covered": 100.0, "percent_statements_covered_display": "100"}, "missing_lines": [], "excluded_lines": []}, "": {"executed_lines": [1, 7, 8, 10, 13, 14, 21, 32, 33, 44, 45, 49], "summary": {"covered_lines": 10, "num_statements": 10, "percent_covered": 100.0, "percent_covered_display": "100", "missing_lines": 0, "excluded_lines": 2, "percent_statements_covered": 100.0, "percent_statements_covered_display": "100"}, "missing_lines": [], "excluded_lines": [43, 48]}}, "classes": {"BaseRenderer": {"executed_lines": [28, 29, 30, 57, 58, 59, 60, 61, 62, 63, 64], "summary": {"covered_lines": 11, "num_statements": 11, "percent_covered": 100.0, "percent_covered_display": "100", "missing_lines": 0, "excluded_lines": 2, "percent_statements_covered": 100.0, "percent_statements_covered_display": "100"}, "missing_lines": [], "excluded_lines": [42, 47]}, "": {"executed_lines": [1, 7, 8, 10, 13, 14, 21, 32, 33, 44, 45, 49], "summary": {"covered_lines": 10, "num_statements": 10, "percent_covered": 100.0, "percent_covered_display": "100", "missing_lines": 0, "excluded_lines": 2, "percent_statements_covered": 100.0, "percent_statements_covered_display": "100"}, "missing_lines": [], "excluded_lines": [43, 48]}}}, "src/webmaster_domain_tool/renderers/cli_renderer.py": {"executed_lines": [1, 7, 8, 10, 11, 12, 14, 15, 18, 19, 33, 44, 60, 68, 69, 71, 81, 84, 85, 86, 87, 88, 91, 92, 95, 97, 102, 103, 104, 105, 106, 107, 110, 111, 115, 116, 118, 125, 128, 135, 137, 138, 139, 140, 142, 143, 146, 148, 155, 162, 164, 165, 166, 169, 171, 172, 174, 175, 176, 178, 181, 183, 203, 205, 209, 212, 213, 214, 217, 218, 221, 222, 226, 236, 237, 239, 240, 242, 243, 246, 248, 251, 253, 255, 258, 259, 260, 262, 263, 265, 266, 268, 269, 270, 271, 272, 274, 275, 276, 277, 279], "summary": {"covered_lines": 99, "num_statements": 139, "percent_covered": 71.22302158273381, "percent_covered_display": "71", "missing_lines": 40, "excluded_lines": 0, "percent_statements_covered": 71.22302158273381, "percent_statements_covered_display": "71"}, "missing_lines": [98, 99, 112, 113, 129, 130, 131, 132, 133, 145, 149, 150, 151, 152, 153, 156, 157, 158, 159, 160, 167, 179, 180, 185, 186, 188, 191, 192, 193, 194, 197, 198, 200, 201, 206, 224, 244, 245, 249, 256], "excluded_lines": [], "functions": {"CLIRenderer.__init__": {"executed_lines": [68, 69], "summary": {"covered_lines": 2, "num_statements": 2, "percent_covered": 100.0, "percent_covered_display": "100", "missing_lines": 0, "excluded_lines": 0, "percent_statements_covered": 100.0, "percent_statements_covered_display": "100"}, "missing_lines": [], "excluded_lines": []}, "CLIRenderer.render": {"executed_lines": [81, 84, 85, 86, 87, 88, 91, 92, 95, 97, 102, 103, 104, 105, 106, 107, 110, 111, 115, 116], "summary": {"covered_lines": 20, "num_statements": 24, "percent_covered": 83.33333333333333, "percent_covered_display": "83", "missing_lines": 4, "excluded_lines": 0, "percent_statements_covered": 83.33333333333333, "percent_statements_covered_display": "83"}, "missing_lines": [98, 99, 112, 113], "excluded_lines": []}, "CLIRenderer._render_row": {"executed_lines": [125, 128, 135, 137, 138, 139, 140, 142, 143, 146, 148, 155, 162, 164, 165, 166, 169, 171, 172, 174, 175, 176, 178, 181, 183, 203, 205, 209, 212, 213, 214, 217, 218, 221, 222], "summary": {"covered_lines": 35, "num_statements": 67, "percent_covered": 52.23880597014925, "percent_covered_display": "52", "missing_lines": 32, "excluded_lines": 0, "percent_statements_covered": 52.23880597014925, "percent_statements_covered_display": "52"}, "missing_lines": [129, 130, 131, 132, 133, 145, 149, 150, 151, 152, 153, 156, 157, 158, 159, 160, 167, 179, 180, 185, 186, 188, 191, 192, 193, 194, 197, 198, 200, 201, 206, 224], "excluded_lines": []}, "CLIRenderer._format_value": {"executed_lines": [236, 237, 239, 240, 242, 243, 246, 248, 251], "summary": {"covered_lines": 9, "num_statements": 12, "percent_covered": 75.0, "percent_covered_display": "75", "missing_lines": 3, "excluded_lines": 0, "percent_statements_covered": 75.0, "percent_statements_covered_display": "75"}, "missing_lines": [244, 245, 249], "excluded_lines": []}, "CLIRenderer.render_summary": {"executed_lines": [255, 258, 259, 260, 262, 263, 265, 266, 268, 269, 270, 271, 272, 274, 275, 276, 277, 279], "summary": {"covered_lines": 18, "num_statements": 19, "percent_covered": 94.73684210526316, "percent_covered_display": "95", "missing_lines": 1, "excluded_lines": 0, "percent_statements_covered": 94.73684210526316, "percent_statements_covered_display": "95"}, "missing_lines": [256], "excluded_lines": []}, "": {"executed_lines": [1, 7, 8, 10, 11, 12, 14, 15, 18, 19, 33, 44, 60, 71, 118, 226, 253], "summary": {"covered_lines": 15, "num_statements": 15, "percent_covered": 100.0, "percent_covered_display": "100", "missing_lines": 0, "excluded_lines": 0, "percent_statements_covered": 100.0, "percent_statements_covered_display": "100"}, "missing_lines": [], "excluded_lines": []}}, "classes": {"CLIRenderer": {"executed_lines": [68, 69, 81, 84, 85, 86, 87, 88, 91, 92, 95, 97, 102, 103, 104, 105, 106, 107, 110, 111, 115, 116, 125, 128, 135, 137, 138, 139, 140, 142, 143, 146, 148, 155, 162, 164, 165, 166, 169, 171, 172, 174, 175, 176, 178, 181, 183, 203, 205, 209, 212, 213, 214, 217, 218, 221, 222, 236, 237, 239, 240, 242, 243, 246, 248, 251, 255, 258, 259, 260, 262, 263, 265, 266, 268, 269, 270, 271, 272, 274, 275, 276, 277, 279], "summary": {"covered_lines": 84, "num_statements": 124, "percent_covered": 67.74193548387096, "percent_covered_display": "68", "missing_lines": 40, "excluded_lines": 0, "percent_statements_covered": 67.74193548387096, "percent_statements_covered_display": "68"}, "missing_lines": [98, 99, 112, 113, 129, 130, 131, 132, 133, 145, 149, 150, 151, 152, 153, 156, 157, 158, 159, 160, 167, 179, 180, 185, 186, 188, 191, 192, 193, 194, 197, 198, 200, 201, 206, 224, 244, 245, 249, 256], "excluded_lines": []}, "": {"executed_lines": [1, 7, 8, 10, 11, 12, 14, 15, 18, 19, 33, 44, 60, 71, 118, 226, 253], "summary": {"covered_lines": 15, "num_statements": 15, "percent_covered": 100.0, "percent_covered_display": "100", "missing_lines": 0, "excluded_lines": 0, "percent_statements_covered": 100.0, "percent_statements_covered_display": "100"}, "missing_lines": [], "excluded_lines": []}}}, "src/webmaster_domain_tool/renderers/json_renderer.py": {"executed_lines": [1, 7, 8, 9, 11, 12, 15, 16, 23, 27, 78, 96, 97], "summary": {"covered_lines": 11, "num_statements": 47, "percent_covered": 23.404255319148938, "percent_covered_display": "23", "missing_lines": 36, "excluded_lines": 0, "percent_statements_covered": 23.404255319148938, "percent_statements_covered_display": "23"}, "missing_lines": [24, 25, 37, 40, 47, 48, 60, 61, 62, 63, 64, 65, 67, 70, 71, 72, 74, 76, 80, 81, 83, 93, 94, 107, 108, 110, 111, 113, 114, 116, 117, 119, 120, 122, 124, 127], "excluded_lines": [], "functions": {"JSONRenderer.__init__": {"executed_lines": [], "summary": {"covered_lines": 0, "num_statements": 2, "percent_covered": 0.0, "percent_covered_display": "0", "missing_lines": 2, "excluded_lines": 0, "percent_statements_covered": 0.0, "percent_statements_covered_display": "0"}, "missing_lines": [24, 25], "excluded_lines": []}, "JSONRenderer.render": {"executed_lines": [], "summary": {"covered_lines": 0, "num_statements": 16, "percent_covered": 0.0, "percent_covered_display": "0", "missing_lines": 16, "excluded_lines": 0, "percent_statements_covered": 0.0, "percent_statements_covered_display": "0"}, "missing_lines": [37, 40, 47, 48, 60, 61, 62, 63, 64, 65, 67, 70, 71, 72, 74, 76], "excluded_lines": []}, "JSONRenderer.render_summary": {"executed_lines": [], "summary": {"covered_lines": 0, "num_statements": 5, "percent_covered": 0.0, "percent_covered_display": "0", "missing_lines": 5, "excluded_lines": 0, "percent_statements_covered": 0.0, "percent_statements_covered_display": "0"}, "missing_lines": [80, 81, 83, 93, 94], "excluded_lines": []}, "JSONRenderer._serialize_value": {"executed_lines": [], "summary": {"covered_lines": 0, "num_statements": 13, "percent_covered": 0.0, "percent_covered_display": "0", "missing_lines": 13, "excluded_lines": 0, "percent_statements_covered": 0.0, "percent_statements_covered_display": "0"}, "missing_lines": [107, 108, 110, 111, 113, 114, 116, 117, 119, 120, 122, 124, 127], "excluded_lines": []}, "": {"executed_lines": [1, 7, 8, 9, 11, 12, 15, 16, 23, 27, 78, 96, 97], "summary": {"covered_lines": 11, "num_statements": 11, "percent_covered": 100.0, "percent_covered_display": "100", "missing_lines": 0, "excluded_lines": 0, "percent_statements_covered": 100.0, "percent_statements_covered_display": "100"}, "missing_lines": [], "excluded_lines": []}}, "classes": {"JSONRenderer": {"executed_lines": [], "summary": {"covered_lines": 0, "num_statements": 36, "percent_covered": 0.0, "percent_covered_display": "0", "missing_lines": 36, "excluded_lines": 0, "percent_statements_covered": 0.0, "percent_statements_covered_display": "0"}, "missing_lines": [24, 25, 37, 40, 47, 48, 60, 61, 62, 63, 64, 65, 67, 70, 71, 72, 74, 76, 80, 81, 83, 93, 94, 107, 108, 110, 111, 113, 114, 116, 117, 119, 120, 122, 124, 127], "excluded_lines": []}, "": {"executed_lines": [1, 7, 8, 9, 11, 12, 15, 16, 23, 27, 78, 96, 97], "summary": {"covered_lines": 11, "num_statements": 11, "percent_covered": 100.0, "percent_covered_display": "100", "missing_lines": 0, "excluded_lines": 0, "percent_statements_covered": 100.0, "percent_statements_covered_display": "100"}, "missing_lines": [], "excluded_lines": []}}}, "src/webmaster_domain_tool/utils/__init__.py": {"executed_lines": [], "summary": {"covered_lines": 0, "num_statements": 3, "percent_covered": 0.0, "percent_covered_display": "0", "missing_lines": 3, "excluded_lines": 0, "percent_statements_covered": 0.0, "percent_statements_covered_display": "0"}, "missing_lines": [3, 4, 6], "excluded_lines": [], "functions": {"": {"executed_lines": [], "summary": {"covered_lines": 0, "num_statements": 3, "percent_covered": 0.0, "percent_covered_display": "0", "missing_lines": 3, "excluded_lines": 0, "percent_statements_covered": 0.0, "percent_statements_covered_display": "0"}, "missing_lines": [3, 4, 6], "excluded_lines": []}}, "classes": {"": {"executed_lines": [], "summary": {"covered_lines": 0, "num_statements": 3, "percent_covered": 0.0, "percent_covered_display": "0", "missing_lines": 3, "excluded_lines": 0, "percent_statements_covered": 0.0, "percent_statements_covered_display": "0"}, "missing_lines": [3, 4, 6], "excluded_lines": []}}}, "src/webmaster_domain_tool/utils/logger.py": {"executed_lines": [], "summary": {"covered_lines": 0, "num_statements": 17, "percent_covered": 0.0, "percent_covered_display": "0", "missing_lines": 17, "excluded_lines": 0, "percent_statements_covered": 0.0, "percent_statements_covered_display": "0"}, "missing_lines": [3, 4, 5, 7, 10, 24, 27, 30, 37, 40, 41, 44, 45, 50, 52, 53, 55], "excluded_lines": [], "functions": {"setup_logger": {"executed_lines": [], "summary": {"covered_lines": 0, "num_statements": 12, "percent_covered": 0.0, "percent_covered_display": "0", "missing_lines": 12, "excluded_lines": 0, "percent_statements_covered": 0.0, "percent_statements_covered_display": "0"}, "missing_lines": [24, 27, 30, 37, 40, 41, 44, 45, 50, 52, 53, 55], "excluded_lines": []}, "": {"executed_lines": [], "summary": {"covered_lines": 0, "num_statements": 5, "percent_covered": 0.0, "percent_covered_display": "0", "missing_lines": 5, "excluded_lines": 0, "percent_statements_covered": 0.0, "percent_statements_covered_display": "0"}, "missing_lines": [3, 4, 5, 7, 10], "excluded_lines": []}}, "classes": {"": {"executed_lines": [], "summary": {"covered_lines": 0, "num_statements": 17, "percent_covered": 0.0, "percent_covered_display": "0", "missing_lines": 17, "excluded_lines": 0, "percent_statements_covered": 0.0, "percent_statements_covered_display": "0"}, "missing_lines": [3, 4, 5, 7, 10, 24, 27, 30, 37, 40, 41, 44, 45, 50, 52, 53, 55], "excluded_lines": []}}}}, "totals": {"covered_lines": 1445, "num_statements": 4463, "percent_covered": 32.377324669504816, "percent_covered_display": "32", "missing_lines": 3018, "excluded_lines": 17, "percent_statements_covered": 32.377324669504816, "percent_statements_covered_display": "32"}}
